Using pre-set license
Built from '2020.3/staging' branch; Version is '2020.3.16f1 (049d6eca3c44) revision 302446'; Using compiler version '192528614'; Build Type 'Release'
OS: 'Windows 10 Home; OS build 19043.928; Version 2009; 64bit' Language: 'en' Physical Memory: 15774 MB
BatchMode: 1, IsHumanControllingUs: 0, StartBugReporterOnCrash: 0, Is64bit: 1, IsPro: 0

 COMMAND LINE ARGUMENTS:
C:\Program Files\Unity\Hub\Editor\2020.3.16f1\Editor\Unity.exe
-adb2
-batchMode
-noUpm
-name
AssetImportWorker0
-projectPath
C:/Users/sjroo/Desktop/Unity Projects/Tutorial 1.5
-logFile
Logs/AssetImportWorker0.log
-srvPort
60390
Successfully changed project path to: C:/Users/sjroo/Desktop/Unity Projects/Tutorial 1.5
C:/Users/sjroo/Desktop/Unity Projects/Tutorial 1.5
Using Asset Import Pipeline V2.
Refreshing native plugins compatible for Editor in 32.31 ms, found 3 plugins.
Preloading 0 native plugins for Editor in 0.00 ms.
Initialize engine version: 2020.3.16f1 (049d6eca3c44)
[Subsystems] Discovering subsystems at path C:/Program Files/Unity/Hub/Editor/2020.3.16f1/Editor/Data/Resources/UnitySubsystems
[Subsystems] Discovering subsystems at path C:/Users/sjroo/Desktop/Unity Projects/Tutorial 1.5/Assets
GfxDevice: creating device client; threaded=0
Direct3D:
    Version:  Direct3D 11.0 [level 11.1]
    Renderer: NVIDIA GeForce RTX 3070 Laptop GPU (ID=0x249d)
    Vendor:   
    VRAM:     8044 MB
    Driver:   27.21.14.6617
Initialize mono
Mono path[0] = 'C:/Program Files/Unity/Hub/Editor/2020.3.16f1/Editor/Data/Managed'
Mono path[1] = 'C:/Program Files/Unity/Hub/Editor/2020.3.16f1/Editor/Data/MonoBleedingEdge/lib/mono/unityjit'
Mono config path = 'C:/Program Files/Unity/Hub/Editor/2020.3.16f1/Editor/Data/MonoBleedingEdge/etc'
Using monoOptions --debugger-agent=transport=dt_socket,embedding=1,server=y,suspend=n,address=127.0.0.1:56104
Begin MonoManager ReloadAssembly
Registering precompiled unity dll's ...
Register platform support module: C:/Program Files/Unity/Hub/Editor/2020.3.16f1/Editor/Data/PlaybackEngines/WindowsStandaloneSupport/UnityEditor.WindowsStandalone.Extensions.dll
Registered in 0.001541 seconds.
Native extension for WindowsStandalone target not found
Refreshing native plugins compatible for Editor in 31.65 ms, found 3 plugins.
Preloading 0 native plugins for Editor in 0.00 ms.
Mono: successfully reloaded assembly
- Completed reload, in  0.777 seconds
Domain Reload Profiling:
	ReloadAssembly (777ms)
		BeginReloadAssembly (38ms)
			ExecutionOrderSort (0ms)
			DisableScriptedObjects (0ms)
			BackupInstance (0ms)
			ReleaseScriptingObjects (0ms)
			CreateAndSetChildDomain (1ms)
		EndReloadAssembly (307ms)
			LoadAssemblies (36ms)
			RebuildTransferFunctionScriptingTraits (0ms)
			SetupTypeCache (96ms)
			ReleaseScriptCaches (0ms)
			RebuildScriptCaches (19ms)
			SetupLoadedEditorAssemblies (141ms)
				LogAssemblyErrors (0ms)
				InitializePlatformSupportModulesInManaged (3ms)
				SetLoadedEditorAssemblies (0ms)
				RefreshPlugins (32ms)
				BeforeProcessingInitializeOnLoad (7ms)
				ProcessInitializeOnLoadAttributes (78ms)
				ProcessInitializeOnLoadMethodAttributes (21ms)
				AfterProcessingInitializeOnLoad (0ms)
				EditorAssembliesLoaded (0ms)
			ExecutionOrderSort2 (0ms)
			AwakeInstancesAfterBackupRestoration (0ms)
Platform modules already initialized, skipping
Registering precompiled user dll's ...
Registered in 0.003105 seconds.
Begin MonoManager ReloadAssembly
Native extension for WindowsStandalone target not found
Refreshing native plugins compatible for Editor in 31.42 ms, found 3 plugins.
Preloading 0 native plugins for Editor in 0.00 ms.
Mono: successfully reloaded assembly
- Completed reload, in  0.859 seconds
Domain Reload Profiling:
	ReloadAssembly (860ms)
		BeginReloadAssembly (98ms)
			ExecutionOrderSort (0ms)
			DisableScriptedObjects (3ms)
			BackupInstance (0ms)
			ReleaseScriptingObjects (0ms)
			CreateAndSetChildDomain (15ms)
		EndReloadAssembly (717ms)
			LoadAssemblies (65ms)
			RebuildTransferFunctionScriptingTraits (0ms)
			SetupTypeCache (215ms)
			ReleaseScriptCaches (0ms)
			RebuildScriptCaches (31ms)
			SetupLoadedEditorAssemblies (320ms)
				LogAssemblyErrors (0ms)
				InitializePlatformSupportModulesInManaged (3ms)
				SetLoadedEditorAssemblies (0ms)
				RefreshPlugins (31ms)
				BeforeProcessingInitializeOnLoad (53ms)
				ProcessInitializeOnLoadAttributes (217ms)
				ProcessInitializeOnLoadMethodAttributes (11ms)
				AfterProcessingInitializeOnLoad (5ms)
				EditorAssembliesLoaded (0ms)
			ExecutionOrderSort2 (0ms)
			AwakeInstancesAfterBackupRestoration (5ms)
Platform modules already initialized, skipping
========================================================================
Worker process is ready to serve import requests
Launched and connected shader compiler UnityShaderCompiler.exe after 0.04 seconds
Refreshing native plugins compatible for Editor in 0.44 ms, found 3 plugins.
Preloading 0 native plugins for Editor in 0.00 ms.
Unloading 2092 Unused Serialized files (Serialized files now loaded: 0)
System memory in use before: 93.1 MB.
System memory in use after: 93.2 MB.

Unloading 28 unused Assets to reduce memory usage. Loaded Objects now: 2529.
Total: 2.978400 ms (FindLiveObjects: 0.192100 ms CreateObjectMapping: 0.078500 ms MarkObjects: 2.643900 ms  DeleteObjects: 0.062900 ms)

AssetImportParameters requested are different than current active one (requested -> active):
  custom:framework-win-MediaFoundation: 216162199b28c13a410421893ffa2e32 -> 
  custom:video-decoder-ogg-theora: a1e56fd34408186e4bbccfd4996cb3dc -> 
  custom:container-muxer-webm: aa71ff27fc2769a1b78a27578f13a17b -> 
  custom:container-demuxer-webm: 4f35f7cbe854078d1ac9338744f61a02 -> 
  custom:container-demuxer-ogg: 62fdf1f143b41e24485cea50d1cbac27 -> 
  custom:video-encoder-webm-vp8: eb34c28f22e8b96e1ab97ce403110664 -> 
  custom:video-decoder-webm-vp8: 9c59270c3fd7afecdb556c50c9e8de78 -> 
  custom:audio-decoder-ogg-vorbis: bf7c407c2cedff20999df2af8eb42d56 -> 
  custom:audio-encoder-webm-vorbis: bf7c407c2cedff20999df2af8eb42d56 -> 
========================================================================
Received Import Request.
  path: Assets/Sounds
  artifactKey: Guid(d2ae7b42539f2354f8e64521d3046820) Importer(815301076,1909f56bfc062723c751e8b465ee728b)
Start importing Assets/Sounds using Guid(d2ae7b42539f2354f8e64521d3046820) Importer(815301076,1909f56bfc062723c751e8b465ee728b)  -> (artifact id: '0349715614b3323c7fbba2aeb2066374') in 0.008671 seconds 
  Import took 0.011872 seconds .

========================================================================
Received Prepare
Registering precompiled user dll's ...
Registered in 0.002956 seconds.
Begin MonoManager ReloadAssembly
Native extension for WindowsStandalone target not found
Refreshing native plugins compatible for Editor in 0.45 ms, found 3 plugins.
Preloading 0 native plugins for Editor in 0.00 ms.
Mono: successfully reloaded assembly
- Completed reload, in  0.736 seconds
Domain Reload Profiling:
	ReloadAssembly (736ms)
		BeginReloadAssembly (91ms)
			ExecutionOrderSort (0ms)
			DisableScriptedObjects (4ms)
			BackupInstance (0ms)
			ReleaseScriptingObjects (0ms)
			CreateAndSetChildDomain (30ms)
		EndReloadAssembly (601ms)
			LoadAssemblies (61ms)
			RebuildTransferFunctionScriptingTraits (0ms)
			SetupTypeCache (182ms)
			ReleaseScriptCaches (1ms)
			RebuildScriptCaches (27ms)
			SetupLoadedEditorAssemblies (264ms)
				LogAssemblyErrors (0ms)
				InitializePlatformSupportModulesInManaged (4ms)
				SetLoadedEditorAssemblies (0ms)
				RefreshPlugins (0ms)
				BeforeProcessingInitializeOnLoad (45ms)
				ProcessInitializeOnLoadAttributes (199ms)
				ProcessInitializeOnLoadMethodAttributes (5ms)
				AfterProcessingInitializeOnLoad (10ms)
				EditorAssembliesLoaded (0ms)
			ExecutionOrderSort2 (0ms)
			AwakeInstancesAfterBackupRestoration (8ms)
Platform modules already initialized, skipping
Refreshing native plugins compatible for Editor in 0.45 ms, found 3 plugins.
Preloading 0 native plugins for Editor in 0.00 ms.
Unloading 2082 Unused Serialized files (Serialized files now loaded: 0)
System memory in use before: 92.5 MB.
System memory in use after: 92.7 MB.

Unloading 16 unused Assets to reduce memory usage. Loaded Objects now: 2532.
Total: 2.663300 ms (FindLiveObjects: 0.164900 ms CreateObjectMapping: 0.048400 ms MarkObjects: 2.434600 ms  DeleteObjects: 0.014600 ms)

AssetImportParameters requested are different than current active one (requested -> active):
  custom:framework-win-MediaFoundation: 216162199b28c13a410421893ffa2e32 -> 
  custom:video-decoder-ogg-theora: a1e56fd34408186e4bbccfd4996cb3dc -> 
  custom:container-muxer-webm: aa71ff27fc2769a1b78a27578f13a17b -> 
  custom:container-demuxer-webm: 4f35f7cbe854078d1ac9338744f61a02 -> 
  custom:container-demuxer-ogg: 62fdf1f143b41e24485cea50d1cbac27 -> 
  custom:video-encoder-webm-vp8: eb34c28f22e8b96e1ab97ce403110664 -> 
  custom:video-decoder-webm-vp8: 9c59270c3fd7afecdb556c50c9e8de78 -> 
  custom:audio-decoder-ogg-vorbis: bf7c407c2cedff20999df2af8eb42d56 -> 
  custom:audio-encoder-webm-vorbis: bf7c407c2cedff20999df2af8eb42d56 -> 
========================================================================
Received Prepare
Registering precompiled user dll's ...
Registered in 0.002932 seconds.
Begin MonoManager ReloadAssembly
Native extension for WindowsStandalone target not found
Refreshing native plugins compatible for Editor in 0.50 ms, found 3 plugins.
Preloading 0 native plugins for Editor in 0.00 ms.
Mono: successfully reloaded assembly
- Completed reload, in  0.740 seconds
Domain Reload Profiling:
	ReloadAssembly (740ms)
		BeginReloadAssembly (95ms)
			ExecutionOrderSort (0ms)
			DisableScriptedObjects (5ms)
			BackupInstance (0ms)
			ReleaseScriptingObjects (0ms)
			CreateAndSetChildDomain (30ms)
		EndReloadAssembly (600ms)
			LoadAssemblies (63ms)
			RebuildTransferFunctionScriptingTraits (0ms)
			SetupTypeCache (185ms)
			ReleaseScriptCaches (1ms)
			RebuildScriptCaches (27ms)
			SetupLoadedEditorAssemblies (258ms)
				LogAssemblyErrors (0ms)
				InitializePlatformSupportModulesInManaged (4ms)
				SetLoadedEditorAssemblies (0ms)
				RefreshPlugins (1ms)
				BeforeProcessingInitializeOnLoad (45ms)
				ProcessInitializeOnLoadAttributes (199ms)
				ProcessInitializeOnLoadMethodAttributes (4ms)
				AfterProcessingInitializeOnLoad (5ms)
				EditorAssembliesLoaded (0ms)
			ExecutionOrderSort2 (0ms)
			AwakeInstancesAfterBackupRestoration (8ms)
Platform modules already initialized, skipping
Refreshing native plugins compatible for Editor in 0.44 ms, found 3 plugins.
Preloading 0 native plugins for Editor in 0.00 ms.
Unloading 2082 Unused Serialized files (Serialized files now loaded: 0)
System memory in use before: 92.6 MB.
System memory in use after: 92.7 MB.

Unloading 16 unused Assets to reduce memory usage. Loaded Objects now: 2535.
Total: 2.905900 ms (FindLiveObjects: 0.165300 ms CreateObjectMapping: 0.061400 ms MarkObjects: 2.662100 ms  DeleteObjects: 0.016300 ms)

AssetImportParameters requested are different than current active one (requested -> active):
  custom:framework-win-MediaFoundation: 216162199b28c13a410421893ffa2e32 -> 
  custom:video-decoder-ogg-theora: a1e56fd34408186e4bbccfd4996cb3dc -> 
  custom:container-muxer-webm: aa71ff27fc2769a1b78a27578f13a17b -> 
  custom:container-demuxer-webm: 4f35f7cbe854078d1ac9338744f61a02 -> 
  custom:container-demuxer-ogg: 62fdf1f143b41e24485cea50d1cbac27 -> 
  custom:video-encoder-webm-vp8: eb34c28f22e8b96e1ab97ce403110664 -> 
  custom:video-decoder-webm-vp8: 9c59270c3fd7afecdb556c50c9e8de78 -> 
  custom:audio-decoder-ogg-vorbis: bf7c407c2cedff20999df2af8eb42d56 -> 
  custom:audio-encoder-webm-vorbis: bf7c407c2cedff20999df2af8eb42d56 -> 
========================================================================
Received Import Request.
  Time since last request: 32.481033 seconds.
  path: Assets/Sounds/Scripts
  artifactKey: Guid(0ae1f626698719d4990a1b793b440a4f) Importer(815301076,1909f56bfc062723c751e8b465ee728b)
Start importing Assets/Sounds/Scripts using Guid(0ae1f626698719d4990a1b793b440a4f) Importer(815301076,1909f56bfc062723c751e8b465ee728b)  -> (artifact id: '06b95ce3a57ef8fd0412f0e94e88adc0') in 0.009924 seconds 
  Import took 0.013610 seconds .

========================================================================
Received Import Request.
  Time since last request: 3.946329 seconds.
  path: Assets
  artifactKey: Guid(00000000000000001000000000000000) Importer(815301076,1909f56bfc062723c751e8b465ee728b)
Start importing Assets using Guid(00000000000000001000000000000000) Importer(815301076,1909f56bfc062723c751e8b465ee728b)  -> (artifact id: '42d402b061de3733987d63b9cc3b64de') in 0.007430 seconds 
  Import took 0.010760 seconds .

========================================================================
Received Import Request.
  Time since last request: 5.251306 seconds.
  path: Assets/New Folder
  artifactKey: Guid(b6df59688415c6a42b2693657050b857) Importer(815301076,1909f56bfc062723c751e8b465ee728b)
Start importing Assets/New Folder using Guid(b6df59688415c6a42b2693657050b857) Importer(815301076,1909f56bfc062723c751e8b465ee728b)  -> (artifact id: '1f598ffcdf2ce0f47600cb05adc264d2') in 0.005765 seconds 
  Import took 0.009789 seconds .

========================================================================
Received Import Request.
  Time since last request: 17.275380 seconds.
  path: Assets/Scrips
  artifactKey: Guid(b6df59688415c6a42b2693657050b857) Importer(815301076,1909f56bfc062723c751e8b465ee728b)
Start importing Assets/Scrips using Guid(b6df59688415c6a42b2693657050b857) Importer(815301076,1909f56bfc062723c751e8b465ee728b)  -> (artifact id: 'd73615738354e783aeaba55bee86ecd9') in 0.006462 seconds 
  Import took 0.010155 seconds .

========================================================================
Received Prepare
Registering precompiled user dll's ...
Registered in 0.002981 seconds.
Begin MonoManager ReloadAssembly
Native extension for WindowsStandalone target not found
Refreshing native plugins compatible for Editor in 0.45 ms, found 3 plugins.
Preloading 0 native plugins for Editor in 0.00 ms.
Mono: successfully reloaded assembly
- Completed reload, in  0.743 seconds
Domain Reload Profiling:
	ReloadAssembly (743ms)
		BeginReloadAssembly (91ms)
			ExecutionOrderSort (0ms)
			DisableScriptedObjects (4ms)
			BackupInstance (0ms)
			ReleaseScriptingObjects (0ms)
			CreateAndSetChildDomain (29ms)
		EndReloadAssembly (607ms)
			LoadAssemblies (61ms)
			RebuildTransferFunctionScriptingTraits (0ms)
			SetupTypeCache (181ms)
			ReleaseScriptCaches (1ms)
			RebuildScriptCaches (28ms)
			SetupLoadedEditorAssemblies (267ms)
				LogAssemblyErrors (0ms)
				InitializePlatformSupportModulesInManaged (4ms)
				SetLoadedEditorAssemblies (0ms)
				RefreshPlugins (0ms)
				BeforeProcessingInitializeOnLoad (47ms)
				ProcessInitializeOnLoadAttributes (206ms)
				ProcessInitializeOnLoadMethodAttributes (4ms)
				AfterProcessingInitializeOnLoad (5ms)
				EditorAssembliesLoaded (0ms)
			ExecutionOrderSort2 (0ms)
			AwakeInstancesAfterBackupRestoration (8ms)
Platform modules already initialized, skipping
Refreshing native plugins compatible for Editor in 0.67 ms, found 3 plugins.
Preloading 0 native plugins for Editor in 0.00 ms.
Unloading 2082 Unused Serialized files (Serialized files now loaded: 0)
System memory in use before: 92.6 MB.
System memory in use after: 92.7 MB.

Unloading 16 unused Assets to reduce memory usage. Loaded Objects now: 2538.
Total: 3.024800 ms (FindLiveObjects: 0.195000 ms CreateObjectMapping: 0.074300 ms MarkObjects: 2.737400 ms  DeleteObjects: 0.017200 ms)

AssetImportParameters requested are different than current active one (requested -> active):
  custom:framework-win-MediaFoundation: 216162199b28c13a410421893ffa2e32 -> 
  custom:video-decoder-ogg-theora: a1e56fd34408186e4bbccfd4996cb3dc -> 
  custom:container-muxer-webm: aa71ff27fc2769a1b78a27578f13a17b -> 
  custom:container-demuxer-webm: 4f35f7cbe854078d1ac9338744f61a02 -> 
  custom:container-demuxer-ogg: 62fdf1f143b41e24485cea50d1cbac27 -> 
  custom:video-encoder-webm-vp8: eb34c28f22e8b96e1ab97ce403110664 -> 
  custom:video-decoder-webm-vp8: 9c59270c3fd7afecdb556c50c9e8de78 -> 
  custom:audio-decoder-ogg-vorbis: bf7c407c2cedff20999df2af8eb42d56 -> 
  custom:audio-encoder-webm-vorbis: bf7c407c2cedff20999df2af8eb42d56 -> 
========================================================================
Received Import Request.
  Time since last request: 8.071549 seconds.
  path: Assets/Scripts
  artifactKey: Guid(b6df59688415c6a42b2693657050b857) Importer(815301076,1909f56bfc062723c751e8b465ee728b)
Start importing Assets/Scripts using Guid(b6df59688415c6a42b2693657050b857) Importer(815301076,1909f56bfc062723c751e8b465ee728b)  -> (artifact id: '0359915a55f29f7dd5b3fb21ecddb553') in 0.005259 seconds 
  Import took 0.008083 seconds .

========================================================================
Received Prepare
Registering precompiled user dll's ...
Registered in 0.002865 seconds.
Begin MonoManager ReloadAssembly
Native extension for WindowsStandalone target not found
Refreshing native plugins compatible for Editor in 0.46 ms, found 3 plugins.
Preloading 0 native plugins for Editor in 0.00 ms.
Mono: successfully reloaded assembly
- Completed reload, in  0.744 seconds
Domain Reload Profiling:
	ReloadAssembly (744ms)
		BeginReloadAssembly (96ms)
			ExecutionOrderSort (0ms)
			DisableScriptedObjects (5ms)
			BackupInstance (0ms)
			ReleaseScriptingObjects (0ms)
			CreateAndSetChildDomain (30ms)
		EndReloadAssembly (604ms)
			LoadAssemblies (63ms)
			RebuildTransferFunctionScriptingTraits (0ms)
			SetupTypeCache (184ms)
			ReleaseScriptCaches (1ms)
			RebuildScriptCaches (28ms)
			SetupLoadedEditorAssemblies (261ms)
				LogAssemblyErrors (0ms)
				InitializePlatformSupportModulesInManaged (4ms)
				SetLoadedEditorAssemblies (0ms)
				RefreshPlugins (1ms)
				BeforeProcessingInitializeOnLoad (45ms)
				ProcessInitializeOnLoadAttributes (202ms)
				ProcessInitializeOnLoadMethodAttributes (4ms)
				AfterProcessingInitializeOnLoad (5ms)
				EditorAssembliesLoaded (0ms)
			ExecutionOrderSort2 (0ms)
			AwakeInstancesAfterBackupRestoration (8ms)
Platform modules already initialized, skipping
Refreshing native plugins compatible for Editor in 0.44 ms, found 3 plugins.
Preloading 0 native plugins for Editor in 0.00 ms.
Unloading 2082 Unused Serialized files (Serialized files now loaded: 0)
System memory in use before: 92.6 MB.
System memory in use after: 92.7 MB.

Unloading 16 unused Assets to reduce memory usage. Loaded Objects now: 2541.
Total: 3.002600 ms (FindLiveObjects: 0.189200 ms CreateObjectMapping: 0.049100 ms MarkObjects: 2.745600 ms  DeleteObjects: 0.017900 ms)

AssetImportParameters requested are different than current active one (requested -> active):
  custom:framework-win-MediaFoundation: 216162199b28c13a410421893ffa2e32 -> 
  custom:video-decoder-ogg-theora: a1e56fd34408186e4bbccfd4996cb3dc -> 
  custom:container-muxer-webm: aa71ff27fc2769a1b78a27578f13a17b -> 
  custom:container-demuxer-webm: 4f35f7cbe854078d1ac9338744f61a02 -> 
  custom:container-demuxer-ogg: 62fdf1f143b41e24485cea50d1cbac27 -> 
  custom:video-encoder-webm-vp8: eb34c28f22e8b96e1ab97ce403110664 -> 
  custom:video-decoder-webm-vp8: 9c59270c3fd7afecdb556c50c9e8de78 -> 
  custom:audio-decoder-ogg-vorbis: bf7c407c2cedff20999df2af8eb42d56 -> 
  custom:audio-encoder-webm-vorbis: bf7c407c2cedff20999df2af8eb42d56 -> 
========================================================================
Received Import Request.
  Time since last request: 81.637943 seconds.
  path: Assets/Sprites
  artifactKey: Guid(2465d28ebcc7b4843913d43733e58df6) Importer(815301076,1909f56bfc062723c751e8b465ee728b)
Start importing Assets/Sprites using Guid(2465d28ebcc7b4843913d43733e58df6) Importer(815301076,1909f56bfc062723c751e8b465ee728b)  -> (artifact id: 'd00b1db295459c57598b5b32da5c7707') in 0.009542 seconds 
  Import took 0.013335 seconds .

========================================================================
Received Import Request.
  Time since last request: 157.867398 seconds.
  path: Assets/Sprites/Dead (1).png
  artifactKey: Guid(a2c18aed165e3f74b8c344b39520427c) Importer(815301076,1909f56bfc062723c751e8b465ee728b)
Start importing Assets/Sprites/Dead (1).png using Guid(a2c18aed165e3f74b8c344b39520427c) Importer(815301076,1909f56bfc062723c751e8b465ee728b)  -> (artifact id: 'cb06b0c9d9559e771451d0a41fb3358e') in 0.090632 seconds 
  Import took 0.093572 seconds .

========================================================================
Received Import Request.
  Time since last request: 0.000153 seconds.
  path: Assets/Sprites/Dead (6).png
  artifactKey: Guid(8714785585a774c458338bdba1fa8847) Importer(815301076,1909f56bfc062723c751e8b465ee728b)
Start importing Assets/Sprites/Dead (6).png using Guid(8714785585a774c458338bdba1fa8847) Importer(815301076,1909f56bfc062723c751e8b465ee728b)  -> (artifact id: '08cf26b3675d303c5657b6043d727e05') in 0.021668 seconds 
  Import took 0.025327 seconds .

========================================================================
Received Import Request.
  Time since last request: 0.000243 seconds.
  path: Assets/Sprites/Hurt (3).png
  artifactKey: Guid(332d1b49f21172447b1c89b1f68edf62) Importer(815301076,1909f56bfc062723c751e8b465ee728b)
Start importing Assets/Sprites/Hurt (3).png using Guid(332d1b49f21172447b1c89b1f68edf62) Importer(815301076,1909f56bfc062723c751e8b465ee728b)  -> (artifact id: 'dc30345e705aaac15816f6f5d9608129') in 0.017276 seconds 
  Import took 0.020861 seconds .

========================================================================
Received Import Request.
  Time since last request: 0.000147 seconds.
  path: Assets/Sprites/Dead (7).png
  artifactKey: Guid(a5b7cc86b72b42f44961eab06a93c4ff) Importer(815301076,1909f56bfc062723c751e8b465ee728b)
Start importing Assets/Sprites/Dead (7).png using Guid(a5b7cc86b72b42f44961eab06a93c4ff) Importer(815301076,1909f56bfc062723c751e8b465ee728b)  -> (artifact id: '7f0baa6bcc7dd668d7cfdb65e7c16e84') in 0.018143 seconds 
  Import took 0.022006 seconds .

========================================================================
Received Import Request.
  Time since last request: 0.000143 seconds.
  path: Assets/Sprites/Hurt (9).png
  artifactKey: Guid(f28e580f94081a643aaa83f41b20564f) Importer(815301076,1909f56bfc062723c751e8b465ee728b)
Start importing Assets/Sprites/Hurt (9).png using Guid(f28e580f94081a643aaa83f41b20564f) Importer(815301076,1909f56bfc062723c751e8b465ee728b)  -> (artifact id: 'fb2fd47c63e542cbb4451b224c852b4e') in 0.016484 seconds 
  Import took 0.019881 seconds .

========================================================================
Received Import Request.
  Time since last request: 0.000136 seconds.
  path: Assets/Sprites/Dead (10).png
  artifactKey: Guid(b0ba47ff5ee0fe94cb684559d41a1868) Importer(815301076,1909f56bfc062723c751e8b465ee728b)
Start importing Assets/Sprites/Dead (10).png using Guid(b0ba47ff5ee0fe94cb684559d41a1868) Importer(815301076,1909f56bfc062723c751e8b465ee728b)  -> (artifact id: 'd95c5e3a653369e18333922423b6ab27') in 0.016886 seconds 
  Import took 0.019571 seconds .

========================================================================
Received Import Request.
  Time since last request: 0.000228 seconds.
  path: Assets/Sprites/Idle (9).png
  artifactKey: Guid(f567898d7d12c9d4780592bcc75e5d64) Importer(815301076,1909f56bfc062723c751e8b465ee728b)
Start importing Assets/Sprites/Idle (9).png using Guid(f567898d7d12c9d4780592bcc75e5d64) Importer(815301076,1909f56bfc062723c751e8b465ee728b)  -> (artifact id: 'e827344cd39144392769dcd522f5705f') in 0.019422 seconds 
  Import took 0.022639 seconds .

========================================================================
Received Import Request.
  Time since last request: 0.000162 seconds.
  path: Assets/Sprites/Idle (2).png
  artifactKey: Guid(1e8cacb11dfd46e4b805ec2496bfa119) Importer(815301076,1909f56bfc062723c751e8b465ee728b)
Start importing Assets/Sprites/Idle (2).png using Guid(1e8cacb11dfd46e4b805ec2496bfa119) Importer(815301076,1909f56bfc062723c751e8b465ee728b)  -> (artifact id: 'b932b67c33704d696d43272da277fff1') in 0.016832 seconds 
  Import took 0.019883 seconds .

========================================================================
Received Import Request.
  Time since last request: 0.000147 seconds.
  path: Assets/Sprites/Fall (6).png
  artifactKey: Guid(65ccfc5dd1c26ac40a1b5c3ce06a312d) Importer(815301076,1909f56bfc062723c751e8b465ee728b)
Start importing Assets/Sprites/Fall (6).png using Guid(65ccfc5dd1c26ac40a1b5c3ce06a312d) Importer(815301076,1909f56bfc062723c751e8b465ee728b)  -> (artifact id: '21521d661fdd4d7a20012c9bf191e9ff') in 0.021117 seconds 
  Import took 0.023994 seconds .

========================================================================
Received Import Request.
  Time since last request: 0.000142 seconds.
  path: Assets/Sprites/Idle (7).png
  artifactKey: Guid(ac564aa67ff7702458626a36a606c8e6) Importer(815301076,1909f56bfc062723c751e8b465ee728b)
Start importing Assets/Sprites/Idle (7).png using Guid(ac564aa67ff7702458626a36a606c8e6) Importer(815301076,1909f56bfc062723c751e8b465ee728b)  -> (artifact id: '9723466e7a6c9847b2ec19a275732669') in 0.021242 seconds 
  Import took 0.023822 seconds .

========================================================================
Received Import Request.
  Time since last request: 0.000139 seconds.
  path: Assets/Sprites/Fall (5).png
  artifactKey: Guid(ecd959dc01a87654d9955f4850346d3f) Importer(815301076,1909f56bfc062723c751e8b465ee728b)
Start importing Assets/Sprites/Fall (5).png using Guid(ecd959dc01a87654d9955f4850346d3f) Importer(815301076,1909f56bfc062723c751e8b465ee728b)  -> (artifact id: '469e6387606f9857d6a8c0ec9c4e8dfd') in 0.015114 seconds 
  Import took 0.017742 seconds .

========================================================================
Received Import Request.
  Time since last request: 0.000154 seconds.
  path: Assets/Sprites/Jump (1).png
  artifactKey: Guid(3511e6cfac276a246b87c0a1f1921302) Importer(815301076,1909f56bfc062723c751e8b465ee728b)
Start importing Assets/Sprites/Jump (1).png using Guid(3511e6cfac276a246b87c0a1f1921302) Importer(815301076,1909f56bfc062723c751e8b465ee728b)  -> (artifact id: '31bfdb91108cf4233c2d2ef7cdc922ad') in 0.023921 seconds 
  Import took 0.026924 seconds .

========================================================================
Received Import Request.
  Time since last request: 0.000140 seconds.
  path: Assets/Sprites/Fall (3).png
  artifactKey: Guid(eebec539db6dc2d469e39f9c09a2c3ff) Importer(815301076,1909f56bfc062723c751e8b465ee728b)
Start importing Assets/Sprites/Fall (3).png using Guid(eebec539db6dc2d469e39f9c09a2c3ff) Importer(815301076,1909f56bfc062723c751e8b465ee728b)  -> (artifact id: '9b126b8a9d10fd4443e159fefe154458') in 0.012840 seconds 
  Import took 0.015437 seconds .

========================================================================
Received Import Request.
  Time since last request: 0.000153 seconds.
  path: Assets/Sprites/Hurt (7).png
  artifactKey: Guid(90cb4e50bf97ce249af9b939a7ff4aa5) Importer(815301076,1909f56bfc062723c751e8b465ee728b)
Start importing Assets/Sprites/Hurt (7).png using Guid(90cb4e50bf97ce249af9b939a7ff4aa5) Importer(815301076,1909f56bfc062723c751e8b465ee728b)  -> (artifact id: 'a0c1491f6ebe2a96a583a16ca4cd48ad') in 0.013795 seconds 
  Import took 0.017006 seconds .

========================================================================
Received Import Request.
  Time since last request: 0.000172 seconds.
  path: Assets/Sprites/Idle (6).png
  artifactKey: Guid(9dfc6192e76e6ac49b3c171e0b53ddbf) Importer(815301076,1909f56bfc062723c751e8b465ee728b)
Start importing Assets/Sprites/Idle (6).png using Guid(9dfc6192e76e6ac49b3c171e0b53ddbf) Importer(815301076,1909f56bfc062723c751e8b465ee728b)  -> (artifact id: '78e603b070e5f5a9d9ad9739b4fe9394') in 0.013218 seconds 
  Import took 0.016613 seconds .

========================================================================
Received Import Request.
  Time since last request: 0.000150 seconds.
  path: Assets/Sprites/Hurt (10).png
  artifactKey: Guid(9f2b13d850d2b864089e75e1d104ba69) Importer(815301076,1909f56bfc062723c751e8b465ee728b)
Start importing Assets/Sprites/Hurt (10).png using Guid(9f2b13d850d2b864089e75e1d104ba69) Importer(815301076,1909f56bfc062723c751e8b465ee728b)  -> (artifact id: '688f517ca9c148d61c7685aa0d3641b8') in 0.014545 seconds 
  Import took 0.017654 seconds .

========================================================================
Received Import Request.
  Time since last request: 0.000138 seconds.
  path: Assets/Sprites/Idle (8).png
  artifactKey: Guid(3133766a9660b324a9f4982164f5646d) Importer(815301076,1909f56bfc062723c751e8b465ee728b)
Start importing Assets/Sprites/Idle (8).png using Guid(3133766a9660b324a9f4982164f5646d) Importer(815301076,1909f56bfc062723c751e8b465ee728b)  -> (artifact id: 'ab43859e5644552da1f2a53076a06a65') in 0.013906 seconds 
  Import took 0.016648 seconds .

========================================================================
Received Import Request.
  Time since last request: 0.000157 seconds.
  path: Assets/Sprites/Idle (10).png
  artifactKey: Guid(c6592569998ec124aa7e95a0e0f0a8f4) Importer(815301076,1909f56bfc062723c751e8b465ee728b)
Start importing Assets/Sprites/Idle (10).png using Guid(c6592569998ec124aa7e95a0e0f0a8f4) Importer(815301076,1909f56bfc062723c751e8b465ee728b)  -> (artifact id: 'e5f44ccbfc49018cb04e1e2fc39835d1') in 0.015511 seconds 
  Import took 0.018490 seconds .

========================================================================
Received Import Request.
  Time since last request: 0.000154 seconds.
  path: Assets/Sprites/Hurt (5).png
  artifactKey: Guid(c386e50eda8b9b941ae64e01388b66c3) Importer(815301076,1909f56bfc062723c751e8b465ee728b)
Start importing Assets/Sprites/Hurt (5).png using Guid(c386e50eda8b9b941ae64e01388b66c3) Importer(815301076,1909f56bfc062723c751e8b465ee728b)  -> (artifact id: 'b29190762dfc31ccce135581f8ee40c0') in 0.012597 seconds 
  Import took 0.015910 seconds .

========================================================================
Received Import Request.
  Time since last request: 0.000142 seconds.
  path: Assets/Sprites/Dead (2).png
  artifactKey: Guid(14b57ebd9fa489e44b2439da43d2625c) Importer(815301076,1909f56bfc062723c751e8b465ee728b)
Start importing Assets/Sprites/Dead (2).png using Guid(14b57ebd9fa489e44b2439da43d2625c) Importer(815301076,1909f56bfc062723c751e8b465ee728b)  -> (artifact id: '69c702220bae077b0b017f3fdea9cdbe') in 0.012244 seconds 
  Import took 0.015245 seconds .

========================================================================
Received Import Request.
  Time since last request: 0.000136 seconds.
  path: Assets/Sprites/Dead (3).png
  artifactKey: Guid(0fc21419e326cd74c9d8e47681be595e) Importer(815301076,1909f56bfc062723c751e8b465ee728b)
Start importing Assets/Sprites/Dead (3).png using Guid(0fc21419e326cd74c9d8e47681be595e) Importer(815301076,1909f56bfc062723c751e8b465ee728b)  -> (artifact id: '5f8df8d0527c01aa90a70574504cd97f') in 0.013491 seconds 
  Import took 0.016250 seconds .

========================================================================
Received Import Request.
  Time since last request: 0.000125 seconds.
  path: Assets/Sprites/Idle (4).png
  artifactKey: Guid(b264fec395b82d046a874cbdb632eb75) Importer(815301076,1909f56bfc062723c751e8b465ee728b)
Start importing Assets/Sprites/Idle (4).png using Guid(b264fec395b82d046a874cbdb632eb75) Importer(815301076,1909f56bfc062723c751e8b465ee728b)  -> (artifact id: '264142edc05ca5e7661ab7db933dc6c7') in 0.012913 seconds 
  Import took 0.015823 seconds .

========================================================================
Received Import Request.
  Time since last request: 0.000175 seconds.
  path: Assets/Sprites/Fall (4).png
  artifactKey: Guid(fe19288dd1b55e54ba778ca476d8cb89) Importer(815301076,1909f56bfc062723c751e8b465ee728b)
Start importing Assets/Sprites/Fall (4).png using Guid(fe19288dd1b55e54ba778ca476d8cb89) Importer(815301076,1909f56bfc062723c751e8b465ee728b)  -> (artifact id: '7e4d2fc5bbc2a95f4177961c8990be66') in 0.013728 seconds 
  Import took 0.016632 seconds .

========================================================================
Received Import Request.
  Time since last request: 0.000155 seconds.
  path: Assets/Sprites/Dead (4).png
  artifactKey: Guid(957964745d192da4cbf8826277fda33d) Importer(815301076,1909f56bfc062723c751e8b465ee728b)
Start importing Assets/Sprites/Dead (4).png using Guid(957964745d192da4cbf8826277fda33d) Importer(815301076,1909f56bfc062723c751e8b465ee728b)  -> (artifact id: '1a08fefd2ae610c49be06240554f58fe') in 0.012943 seconds 
  Import took 0.016243 seconds .

========================================================================
Received Import Request.
  Time since last request: 0.000129 seconds.
  path: Assets/Sprites/Hurt (4).png
  artifactKey: Guid(3cf85d3cb53e099479aedf86c309d600) Importer(815301076,1909f56bfc062723c751e8b465ee728b)
Start importing Assets/Sprites/Hurt (4).png using Guid(3cf85d3cb53e099479aedf86c309d600) Importer(815301076,1909f56bfc062723c751e8b465ee728b)  -> (artifact id: '9fce8372096c1cf5c9fb1528bdfeed17') in 0.012125 seconds 
  Import took 0.014794 seconds .

========================================================================
Received Import Request.
  Time since last request: 0.000130 seconds.
  path: Assets/Sprites/Dead (8).png
  artifactKey: Guid(6c73bb02b3327294cad500f3db0060d2) Importer(815301076,1909f56bfc062723c751e8b465ee728b)
Start importing Assets/Sprites/Dead (8).png using Guid(6c73bb02b3327294cad500f3db0060d2) Importer(815301076,1909f56bfc062723c751e8b465ee728b)  -> (artifact id: '598da6491251235030905ef7144e93c4') in 0.013753 seconds 
  Import took 0.016486 seconds .

========================================================================
Received Import Request.
  Time since last request: 0.000138 seconds.
  path: Assets/Sprites/Fall (1).png
  artifactKey: Guid(a21e4899c22223a4ea0da029de9e7a44) Importer(815301076,1909f56bfc062723c751e8b465ee728b)
Start importing Assets/Sprites/Fall (1).png using Guid(a21e4899c22223a4ea0da029de9e7a44) Importer(815301076,1909f56bfc062723c751e8b465ee728b)  -> (artifact id: 'ba3b911e784917f20366816b70a39cf1') in 0.012422 seconds 
  Import took 0.015265 seconds .

========================================================================
Received Import Request.
  Time since last request: 0.000131 seconds.
  path: Assets/Sprites/Idle (5).png
  artifactKey: Guid(43cbd2d3767fed441a5c2e4e41b8a28f) Importer(815301076,1909f56bfc062723c751e8b465ee728b)
Start importing Assets/Sprites/Idle (5).png using Guid(43cbd2d3767fed441a5c2e4e41b8a28f) Importer(815301076,1909f56bfc062723c751e8b465ee728b)  -> (artifact id: 'e1191363542f69a1d555783f6309d6a3') in 0.011908 seconds 
  Import took 0.014467 seconds .

========================================================================
Received Import Request.
  Time since last request: 0.000135 seconds.
  path: Assets/Sprites/Fall (2).png
  artifactKey: Guid(ef85b835fd76dad4086b24bbdfed3385) Importer(815301076,1909f56bfc062723c751e8b465ee728b)
Start importing Assets/Sprites/Fall (2).png using Guid(ef85b835fd76dad4086b24bbdfed3385) Importer(815301076,1909f56bfc062723c751e8b465ee728b)  -> (artifact id: '8d2abf270f9f61803f5cc9f754e5d318') in 0.011239 seconds 
  Import took 0.014466 seconds .

========================================================================
Received Import Request.
  Time since last request: 0.000157 seconds.
  path: Assets/Sprites/Hurt (1).png
  artifactKey: Guid(1be82a872af75be4e9f0bbde06c4521a) Importer(815301076,1909f56bfc062723c751e8b465ee728b)
Start importing Assets/Sprites/Hurt (1).png using Guid(1be82a872af75be4e9f0bbde06c4521a) Importer(815301076,1909f56bfc062723c751e8b465ee728b)  -> (artifact id: 'e617a34bf41130c91c37076927ceff2b') in 0.012913 seconds 
  Import took 0.015935 seconds .

========================================================================
Received Import Request.
  Time since last request: 0.000194 seconds.
  path: Assets/Sprites/Hurt (6).png
  artifactKey: Guid(08f3ebe1c8f1e94429ea2d5c3cf4cb59) Importer(815301076,1909f56bfc062723c751e8b465ee728b)
Start importing Assets/Sprites/Hurt (6).png using Guid(08f3ebe1c8f1e94429ea2d5c3cf4cb59) Importer(815301076,1909f56bfc062723c751e8b465ee728b)  -> (artifact id: 'e06aa7cb0fa1fd880b8feb09beff42b8') in 0.012288 seconds 
  Import took 0.015116 seconds .

========================================================================
Received Import Request.
  Time since last request: 0.000133 seconds.
  path: Assets/Sprites/Fall (8).png
  artifactKey: Guid(6a880a0dfcf782a4e9f984c311af3fcb) Importer(815301076,1909f56bfc062723c751e8b465ee728b)
Start importing Assets/Sprites/Fall (8).png using Guid(6a880a0dfcf782a4e9f984c311af3fcb) Importer(815301076,1909f56bfc062723c751e8b465ee728b)  -> (artifact id: '7b9bee215c69dd83dba09644623cf1ed') in 0.012496 seconds 
  Import took 0.015539 seconds .

========================================================================
Received Import Request.
  Time since last request: 0.000222 seconds.
  path: Assets/Sprites/Hurt (8).png
  artifactKey: Guid(4b8bc98b6b2154844bd32005ec1e14c8) Importer(815301076,1909f56bfc062723c751e8b465ee728b)
Start importing Assets/Sprites/Hurt (8).png using Guid(4b8bc98b6b2154844bd32005ec1e14c8) Importer(815301076,1909f56bfc062723c751e8b465ee728b)  -> (artifact id: '3914857e6c72738ce34e9d064a48c5a2') in 0.014302 seconds 
  Import took 0.017508 seconds .

========================================================================
Received Import Request.
  Time since last request: 0.000187 seconds.
  path: Assets/Sprites/Hurt (2).png
  artifactKey: Guid(96899bc977ca3f141b3168866da495b9) Importer(815301076,1909f56bfc062723c751e8b465ee728b)
Start importing Assets/Sprites/Hurt (2).png using Guid(96899bc977ca3f141b3168866da495b9) Importer(815301076,1909f56bfc062723c751e8b465ee728b)  -> (artifact id: 'f6759afffefdbf9558d0db9f6af9eb69') in 0.012445 seconds 
  Import took 0.015521 seconds .

========================================================================
Received Import Request.
  Time since last request: 0.000137 seconds.
  path: Assets/Sprites/Idle (1).png
  artifactKey: Guid(112ef9903a3d9564f95d3252c6205a36) Importer(815301076,1909f56bfc062723c751e8b465ee728b)
Start importing Assets/Sprites/Idle (1).png using Guid(112ef9903a3d9564f95d3252c6205a36) Importer(815301076,1909f56bfc062723c751e8b465ee728b)  -> (artifact id: 'ed3e95919c439ea7b6166d2ae7a9cab4') in 0.012912 seconds 
  Import took 0.015919 seconds .

========================================================================
Received Import Request.
  Time since last request: 0.000154 seconds.
  path: Assets/Sprites/Idle (3).png
  artifactKey: Guid(28908dd80858c8641927cdfc4fedf963) Importer(815301076,1909f56bfc062723c751e8b465ee728b)
Start importing Assets/Sprites/Idle (3).png using Guid(28908dd80858c8641927cdfc4fedf963) Importer(815301076,1909f56bfc062723c751e8b465ee728b)  -> (artifact id: '5730cd7c112c03e2f4b3901345e60c15') in 0.011879 seconds 
  Import took 0.014679 seconds .

========================================================================
Received Import Request.
  Time since last request: 0.000133 seconds.
  path: Assets/Sprites/Dead (5).png
  artifactKey: Guid(4511fe959ba04be45b7f6efc9eaf2a13) Importer(815301076,1909f56bfc062723c751e8b465ee728b)
Start importing Assets/Sprites/Dead (5).png using Guid(4511fe959ba04be45b7f6efc9eaf2a13) Importer(815301076,1909f56bfc062723c751e8b465ee728b)  -> (artifact id: '8146e0b86bcbb1fd29bd3c2183ee6807') in 0.013986 seconds 
  Import took 0.016752 seconds .

========================================================================
Received Import Request.
  Time since last request: 0.000139 seconds.
  path: Assets/Sprites/Dead (9).png
  artifactKey: Guid(c4842c9e806601945a77dafd2158053c) Importer(815301076,1909f56bfc062723c751e8b465ee728b)
Start importing Assets/Sprites/Dead (9).png using Guid(c4842c9e806601945a77dafd2158053c) Importer(815301076,1909f56bfc062723c751e8b465ee728b)  -> (artifact id: '274b50d194d62ad3995b2030574bc772') in 0.134886 seconds 
  Import took 0.137588 seconds .

========================================================================
Received Import Request.
  Time since last request: 0.000164 seconds.
  path: Assets/Sprites/Jump (2).png
  artifactKey: Guid(3f06983f14035ac419b13b19a255bcf1) Importer(815301076,1909f56bfc062723c751e8b465ee728b)
Start importing Assets/Sprites/Jump (2).png using Guid(3f06983f14035ac419b13b19a255bcf1) Importer(815301076,1909f56bfc062723c751e8b465ee728b)  -> (artifact id: '4d02adf721424c1b732d87c750f20ceb') in 0.022440 seconds 
  Import took 0.024845 seconds .

========================================================================
Received Import Request.
  Time since last request: 0.000164 seconds.
  path: Assets/Sprites/Jump (3).png
  artifactKey: Guid(67bb0aac72818324296329d0f138ee8f) Importer(815301076,1909f56bfc062723c751e8b465ee728b)
Start importing Assets/Sprites/Jump (3).png using Guid(67bb0aac72818324296329d0f138ee8f) Importer(815301076,1909f56bfc062723c751e8b465ee728b)  -> (artifact id: '37fae8acc36763c5e276745057b31942') in 0.014103 seconds 
  Import took 0.016883 seconds .

========================================================================
Received Import Request.
  Time since last request: 0.000122 seconds.
  path: Assets/Sprites/Fall (7).png
  artifactKey: Guid(17681e92457cef846be9ba852bc45dd9) Importer(815301076,1909f56bfc062723c751e8b465ee728b)
Start importing Assets/Sprites/Fall (7).png using Guid(17681e92457cef846be9ba852bc45dd9) Importer(815301076,1909f56bfc062723c751e8b465ee728b)  -> (artifact id: '91368f3728079fd965824698c8fd5544') in 0.013262 seconds 
  Import took 0.016251 seconds .

========================================================================
Received Import Request.
  Time since last request: 629.163385 seconds.
  path: Assets/Sprites/Jump (4).png
  artifactKey: Guid(e5e1bab9b1d90b24988019b5c9d41170) Importer(815301076,1909f56bfc062723c751e8b465ee728b)
Start importing Assets/Sprites/Jump (4).png using Guid(e5e1bab9b1d90b24988019b5c9d41170) Importer(815301076,1909f56bfc062723c751e8b465ee728b)  -> (artifact id: '2f72fd75284cb5ea009c9083654e9337') in 0.028483 seconds 
  Import took 0.032018 seconds .

========================================================================
Received Import Request.
  Time since last request: 0.000150 seconds.
  path: Assets/Sprites/Jump (5).png
  artifactKey: Guid(7542d7dc10caba94fb95daca4455d09f) Importer(815301076,1909f56bfc062723c751e8b465ee728b)
Start importing Assets/Sprites/Jump (5).png using Guid(7542d7dc10caba94fb95daca4455d09f) Importer(815301076,1909f56bfc062723c751e8b465ee728b)  -> (artifact id: 'be614605e108241fdfe9dc6c4c1f546c') in 0.016096 seconds 
  Import took 0.018819 seconds .

========================================================================
Received Import Request.
  Time since last request: 0.000139 seconds.
  path: Assets/Sprites/Run (3).png
  artifactKey: Guid(269840e41014d744aa5add00e25a8fc0) Importer(815301076,1909f56bfc062723c751e8b465ee728b)
Start importing Assets/Sprites/Run (3).png using Guid(269840e41014d744aa5add00e25a8fc0) Importer(815301076,1909f56bfc062723c751e8b465ee728b)  -> (artifact id: '55717cb3c6381336d48fa7399d670579') in 0.013597 seconds 
  Import took 0.016299 seconds .

========================================================================
Received Import Request.
  Time since last request: 0.000140 seconds.
  path: Assets/Sprites/Jump (5).png
  artifactKey: Guid(7542d7dc10caba94fb95daca4455d09f) Importer(815301076,1909f56bfc062723c751e8b465ee728b)
Start importing Assets/Sprites/Jump (5).png using Guid(7542d7dc10caba94fb95daca4455d09f) Importer(815301076,1909f56bfc062723c751e8b465ee728b)  -> (artifact id: 'be614605e108241fdfe9dc6c4c1f546c') in 0.013166 seconds 
  Import took 0.016419 seconds .

========================================================================
Received Import Request.
  Time since last request: 0.000163 seconds.
  path: Assets/Sprites/Jump (4).png
  artifactKey: Guid(e5e1bab9b1d90b24988019b5c9d41170) Importer(815301076,1909f56bfc062723c751e8b465ee728b)
Start importing Assets/Sprites/Jump (4).png using Guid(e5e1bab9b1d90b24988019b5c9d41170) Importer(815301076,1909f56bfc062723c751e8b465ee728b)  -> (artifact id: '2f72fd75284cb5ea009c9083654e9337') in 0.022957 seconds 
  Import took 0.026398 seconds .

========================================================================
Received Import Request.
  Time since last request: 0.000141 seconds.
  path: Assets/Sprites/Jump (8).png
  artifactKey: Guid(a3dceae242b925e46b9242bf3f82df97) Importer(815301076,1909f56bfc062723c751e8b465ee728b)
Start importing Assets/Sprites/Jump (8).png using Guid(a3dceae242b925e46b9242bf3f82df97) Importer(815301076,1909f56bfc062723c751e8b465ee728b)  -> (artifact id: 'fed5c3511b15ecfec966a1d6ef63f81d') in 0.014379 seconds 
  Import took 0.017527 seconds .

========================================================================
Received Import Request.
  Time since last request: 0.000156 seconds.
  path: Assets/Sprites/Jump (7).png
  artifactKey: Guid(e46e75f7328310f45b618ffba0d93b97) Importer(815301076,1909f56bfc062723c751e8b465ee728b)
Start importing Assets/Sprites/Jump (7).png using Guid(e46e75f7328310f45b618ffba0d93b97) Importer(815301076,1909f56bfc062723c751e8b465ee728b)  -> (artifact id: '109c3f4a772f83c6e0d8f7ca55239770') in 0.014505 seconds 
  Import took 0.017659 seconds .

========================================================================
Received Import Request.
  Time since last request: 0.000133 seconds.
  path: Assets/Sprites/Run (1).png
  artifactKey: Guid(ec57e8f7deadf58458212bc588d68ba9) Importer(815301076,1909f56bfc062723c751e8b465ee728b)
Start importing Assets/Sprites/Run (1).png using Guid(ec57e8f7deadf58458212bc588d68ba9) Importer(815301076,1909f56bfc062723c751e8b465ee728b)  -> (artifact id: '8e29b35c5180e61ecc65b06ec1bba970') in 0.021181 seconds 
  Import took 0.024158 seconds .

========================================================================
Received Import Request.
  Time since last request: 0.000154 seconds.
  path: Assets/Sprites/Run (2).png
  artifactKey: Guid(cdfb81d1ee386f14b9478d02a070e16b) Importer(815301076,1909f56bfc062723c751e8b465ee728b)
Start importing Assets/Sprites/Run (2).png using Guid(cdfb81d1ee386f14b9478d02a070e16b) Importer(815301076,1909f56bfc062723c751e8b465ee728b)  -> (artifact id: 'cf10c5ad4038bb761e25ecd30b0d9018') in 0.012932 seconds 
  Import took 0.016064 seconds .

========================================================================
Received Import Request.
  Time since last request: 0.000165 seconds.
  path: Assets/Sprites/Jump (6).png
  artifactKey: Guid(95d8babe3c5f53f43ab5f4c559cf3644) Importer(815301076,1909f56bfc062723c751e8b465ee728b)
Start importing Assets/Sprites/Jump (6).png using Guid(95d8babe3c5f53f43ab5f4c559cf3644) Importer(815301076,1909f56bfc062723c751e8b465ee728b)  -> (artifact id: 'c4c0ee1bac03ad825eb82719f6f5f049') in 0.019781 seconds 
  Import took 0.022892 seconds .

========================================================================
Received Import Request.
  Time since last request: 0.303826 seconds.
  path: Assets/Sprites/Run (4).png
  artifactKey: Guid(73880c773ab7c0140a3a2a11dfa99765) Importer(815301076,1909f56bfc062723c751e8b465ee728b)
Start importing Assets/Sprites/Run (4).png using Guid(73880c773ab7c0140a3a2a11dfa99765) Importer(815301076,1909f56bfc062723c751e8b465ee728b)  -> (artifact id: 'a4b3712fa92ed9c5aa2b167ab0daf96a') in 0.012792 seconds 
  Import took 0.016167 seconds .

========================================================================
Received Import Request.
  Time since last request: 0.000131 seconds.
  path: Assets/Sprites/Slide (1).png
  artifactKey: Guid(dd6107cf1526db64ebe04c31410e41bd) Importer(815301076,1909f56bfc062723c751e8b465ee728b)
Start importing Assets/Sprites/Slide (1).png using Guid(dd6107cf1526db64ebe04c31410e41bd) Importer(815301076,1909f56bfc062723c751e8b465ee728b)  -> (artifact id: '3089b4417926e97415644fccd925241c') in 0.016592 seconds 
  Import took 0.019724 seconds .

========================================================================
Received Import Request.
  Time since last request: 0.000186 seconds.
  path: Assets/Sprites/Slide (3).png
  artifactKey: Guid(f8efa75e864f5eb4f919b91ee3e92b4f) Importer(815301076,1909f56bfc062723c751e8b465ee728b)
Start importing Assets/Sprites/Slide (3).png using Guid(f8efa75e864f5eb4f919b91ee3e92b4f) Importer(815301076,1909f56bfc062723c751e8b465ee728b)  -> (artifact id: '866743b05bc4c6c73af4872de18f815c') in 0.012869 seconds 
  Import took 0.016620 seconds .

========================================================================
Received Import Request.
  Time since last request: 0.000182 seconds.
  path: Assets/Sprites/Run (6).png
  artifactKey: Guid(8d3dff5c945214046a849ea42be29ecc) Importer(815301076,1909f56bfc062723c751e8b465ee728b)
Start importing Assets/Sprites/Run (6).png using Guid(8d3dff5c945214046a849ea42be29ecc) Importer(815301076,1909f56bfc062723c751e8b465ee728b)  -> (artifact id: 'f905113fcf1035ea3ea760f8f9764def') in 0.013513 seconds 
  Import took 0.016852 seconds .

========================================================================
Received Import Request.
  Time since last request: 0.000130 seconds.
  path: Assets/Sprites/Run (7).png
  artifactKey: Guid(f9e1285030f1866408fff345f3ebb834) Importer(815301076,1909f56bfc062723c751e8b465ee728b)
Start importing Assets/Sprites/Run (7).png using Guid(f9e1285030f1866408fff345f3ebb834) Importer(815301076,1909f56bfc062723c751e8b465ee728b)  -> (artifact id: '20317caa19a4ae15c4a0ecdb36c658d5') in 0.013686 seconds 
  Import took 0.016595 seconds .

========================================================================
Received Import Request.
  Time since last request: 0.000148 seconds.
  path: Assets/Sprites/Slide (2).png
  artifactKey: Guid(7d62c956a45215b449ea744714ff9b80) Importer(815301076,1909f56bfc062723c751e8b465ee728b)
Start importing Assets/Sprites/Slide (2).png using Guid(7d62c956a45215b449ea744714ff9b80) Importer(815301076,1909f56bfc062723c751e8b465ee728b)  -> (artifact id: '9cbc8234cb4c9b0b72d1d21265e4b32f') in 0.014391 seconds 
  Import took 0.018066 seconds .

========================================================================
Received Import Request.
  Time since last request: 0.000132 seconds.
  path: Assets/Sprites/Run (5).png
  artifactKey: Guid(0c69760cbae88084785fa5d9fcbd0876) Importer(815301076,1909f56bfc062723c751e8b465ee728b)
Start importing Assets/Sprites/Run (5).png using Guid(0c69760cbae88084785fa5d9fcbd0876) Importer(815301076,1909f56bfc062723c751e8b465ee728b)  -> (artifact id: '226eaa28ba8e72ca469ee545fb368069') in 0.013342 seconds 
  Import took 0.016431 seconds .

========================================================================
Received Import Request.
  Time since last request: 0.000153 seconds.
  path: Assets/Sprites/Slide (5).png
  artifactKey: Guid(8dd2d5e1f21489f4faf05e1fe147692e) Importer(815301076,1909f56bfc062723c751e8b465ee728b)
Start importing Assets/Sprites/Slide (5).png using Guid(8dd2d5e1f21489f4faf05e1fe147692e) Importer(815301076,1909f56bfc062723c751e8b465ee728b)  -> (artifact id: '3cd6591dd42a7a84d94b42d20f3f9636') in 0.012871 seconds 
  Import took 0.016292 seconds .

========================================================================
Received Import Request.
  Time since last request: 0.000176 seconds.
  path: Assets/Sprites/Walk (1).png
  artifactKey: Guid(c541562cbf8406849b17c5ddaa47c557) Importer(815301076,1909f56bfc062723c751e8b465ee728b)
Start importing Assets/Sprites/Walk (1).png using Guid(c541562cbf8406849b17c5ddaa47c557) Importer(815301076,1909f56bfc062723c751e8b465ee728b)  -> (artifact id: '311e9e3b329b3f4b9bbd55888aa7f845') in 0.014110 seconds 
  Import took 0.017334 seconds .

========================================================================
Received Import Request.
  Time since last request: 0.000196 seconds.
  path: Assets/Sprites/Slide (4).png
  artifactKey: Guid(20acbae4b80afd44e82f4b7367830995) Importer(815301076,1909f56bfc062723c751e8b465ee728b)
Start importing Assets/Sprites/Slide (4).png using Guid(20acbae4b80afd44e82f4b7367830995) Importer(815301076,1909f56bfc062723c751e8b465ee728b)  -> (artifact id: '51c84b1f06ac4d65be334f8a318c5799') in 0.013801 seconds 
  Import took 0.017105 seconds .

========================================================================
Received Import Request.
  Time since last request: 0.000148 seconds.
  path: Assets/Sprites/Slide (6).png
  artifactKey: Guid(bc9ef6c1cd7ca874599978348d6dd995) Importer(815301076,1909f56bfc062723c751e8b465ee728b)
Start importing Assets/Sprites/Slide (6).png using Guid(bc9ef6c1cd7ca874599978348d6dd995) Importer(815301076,1909f56bfc062723c751e8b465ee728b)  -> (artifact id: 'a5a1e60d8b6186c7d18c6ed60d7ff8ba') in 0.013472 seconds 
  Import took 0.016114 seconds .

========================================================================
Received Import Request.
  Time since last request: 0.000138 seconds.
  path: Assets/Sprites/Walk (3).png
  artifactKey: Guid(11048d27372c44043a78a8c6c3b619fd) Importer(815301076,1909f56bfc062723c751e8b465ee728b)
Start importing Assets/Sprites/Walk (3).png using Guid(11048d27372c44043a78a8c6c3b619fd) Importer(815301076,1909f56bfc062723c751e8b465ee728b)  -> (artifact id: 'bbaf17c42ede5a3eecd10be22f80f49d') in 0.013889 seconds 
  Import took 0.017441 seconds .

========================================================================
Received Import Request.
  Time since last request: 0.000168 seconds.
  path: Assets/Sprites/Walk (9).png
  artifactKey: Guid(ae6fb925b02f26c4ca150d4e8b442a39) Importer(815301076,1909f56bfc062723c751e8b465ee728b)
Start importing Assets/Sprites/Walk (9).png using Guid(ae6fb925b02f26c4ca150d4e8b442a39) Importer(815301076,1909f56bfc062723c751e8b465ee728b)  -> (artifact id: '242a4ae36e51932b8ec937aee0daaab7') in 0.013550 seconds 
  Import took 0.017095 seconds .

========================================================================
Received Import Request.
  Time since last request: 0.000171 seconds.
  path: Assets/Sprites/Walk (2).png
  artifactKey: Guid(441d8229e3456ba4fb3514bcc0fd6574) Importer(815301076,1909f56bfc062723c751e8b465ee728b)
Start importing Assets/Sprites/Walk (2).png using Guid(441d8229e3456ba4fb3514bcc0fd6574) Importer(815301076,1909f56bfc062723c751e8b465ee728b)  -> (artifact id: '5037318c497114295bdc2dee5efcfe45') in 0.013834 seconds 
  Import took 0.017169 seconds .

========================================================================
Received Import Request.
  Time since last request: 0.000152 seconds.
  path: Assets/Sprites/Slide (7).png
  artifactKey: Guid(dccd410782a3b6e41b9a51e885f08133) Importer(815301076,1909f56bfc062723c751e8b465ee728b)
Start importing Assets/Sprites/Slide (7).png using Guid(dccd410782a3b6e41b9a51e885f08133) Importer(815301076,1909f56bfc062723c751e8b465ee728b)  -> (artifact id: '47f05792e5d365a6d72c012b8e716298') in 0.013551 seconds 
  Import took 0.016499 seconds .

========================================================================
Received Import Request.
  Time since last request: 0.000148 seconds.
  path: Assets/Sprites/Walk (5).png
  artifactKey: Guid(10c88e4ae54f41b4693cbf9fe4cb5327) Importer(815301076,1909f56bfc062723c751e8b465ee728b)
Start importing Assets/Sprites/Walk (5).png using Guid(10c88e4ae54f41b4693cbf9fe4cb5327) Importer(815301076,1909f56bfc062723c751e8b465ee728b)  -> (artifact id: '23b0bbf148a961e518ae4a17072be493') in 0.022228 seconds 
  Import took 0.025423 seconds .

========================================================================
Received Import Request.
  Time since last request: 0.000151 seconds.
  path: Assets/Sprites/Walk (6).png
  artifactKey: Guid(c17a9ee7c8e34654b985674ef5a3ea46) Importer(815301076,1909f56bfc062723c751e8b465ee728b)
Start importing Assets/Sprites/Walk (6).png using Guid(c17a9ee7c8e34654b985674ef5a3ea46) Importer(815301076,1909f56bfc062723c751e8b465ee728b)  -> (artifact id: 'dee9eee3f20ece9be0779158e9d277d7') in 0.014055 seconds 
  Import took 0.016880 seconds .

========================================================================
Received Import Request.
  Time since last request: 0.000181 seconds.
  path: Assets/Sprites/Walk (4).png
  artifactKey: Guid(ff840d8ef3c18114e93a4159389f4520) Importer(815301076,1909f56bfc062723c751e8b465ee728b)
Start importing Assets/Sprites/Walk (4).png using Guid(ff840d8ef3c18114e93a4159389f4520) Importer(815301076,1909f56bfc062723c751e8b465ee728b)  -> (artifact id: '957f541bce1223ef3d1e24d0bfe3efdd') in 0.015587 seconds 
  Import took 0.018790 seconds .

========================================================================
Received Import Request.
  Time since last request: 0.000251 seconds.
  path: Assets/Sprites/Walk (8).png
  artifactKey: Guid(e8b75b1a603471445a187bef17af3e42) Importer(815301076,1909f56bfc062723c751e8b465ee728b)
Start importing Assets/Sprites/Walk (8).png using Guid(e8b75b1a603471445a187bef17af3e42) Importer(815301076,1909f56bfc062723c751e8b465ee728b)  -> (artifact id: '0ed95c8c624dcc7eaacc7def3d77f683') in 0.012422 seconds 
  Import took 0.015421 seconds .

========================================================================
Received Import Request.
  Time since last request: 0.000139 seconds.
  path: Assets/Sprites/Walk (7).png
  artifactKey: Guid(5702972eab7a4b4428e1bac14a6cbec5) Importer(815301076,1909f56bfc062723c751e8b465ee728b)
Start importing Assets/Sprites/Walk (7).png using Guid(5702972eab7a4b4428e1bac14a6cbec5) Importer(815301076,1909f56bfc062723c751e8b465ee728b)  -> (artifact id: 'c833f2375513c2dba182caff8d006ec6') in 0.014312 seconds 
  Import took 0.017729 seconds .

========================================================================
Received Import Request.
  Time since last request: 0.000149 seconds.
  path: Assets/Sprites/Slide (8).png
  artifactKey: Guid(8e549059c3b679c40bae018439a7823f) Importer(815301076,1909f56bfc062723c751e8b465ee728b)
Start importing Assets/Sprites/Slide (8).png using Guid(8e549059c3b679c40bae018439a7823f) Importer(815301076,1909f56bfc062723c751e8b465ee728b)  -> (artifact id: '9a0c68ce068240626d045e4de2630010') in 0.013906 seconds 
  Import took 0.016825 seconds .

========================================================================
Received Import Request.
  Time since last request: 0.000147 seconds.
  path: Assets/Sprites/Run (8).png
  artifactKey: Guid(4220e075aa1fd1f46a85c1c37f09229f) Importer(815301076,1909f56bfc062723c751e8b465ee728b)
Start importing Assets/Sprites/Run (8).png using Guid(4220e075aa1fd1f46a85c1c37f09229f) Importer(815301076,1909f56bfc062723c751e8b465ee728b)  -> (artifact id: 'cdeca60b34e2b3d041b12325f673bd88') in 0.013690 seconds 
  Import took 0.016957 seconds .

========================================================================
Received Import Request.
  Time since last request: 0.000158 seconds.
  path: Assets/Sprites/Slide (10).png
  artifactKey: Guid(78c3debc1c982de4abee54b566bee5a0) Importer(815301076,1909f56bfc062723c751e8b465ee728b)
Start importing Assets/Sprites/Slide (10).png using Guid(78c3debc1c982de4abee54b566bee5a0) Importer(815301076,1909f56bfc062723c751e8b465ee728b)  -> (artifact id: '159ce8e05a57b3e61ab1fc2f1c1a2f86') in 0.012992 seconds 
  Import took 0.015760 seconds .

========================================================================
Received Import Request.
  Time since last request: 0.000144 seconds.
  path: Assets/Sprites/Run (8).png
  artifactKey: Guid(4220e075aa1fd1f46a85c1c37f09229f) Importer(815301076,1909f56bfc062723c751e8b465ee728b)
Start importing Assets/Sprites/Run (8).png using Guid(4220e075aa1fd1f46a85c1c37f09229f) Importer(815301076,1909f56bfc062723c751e8b465ee728b)  -> (artifact id: 'cdeca60b34e2b3d041b12325f673bd88') in 0.013451 seconds 
  Import took 0.016655 seconds .

========================================================================
Received Import Request.
  Time since last request: 0.000141 seconds.
  path: Assets/Sprites/Slide (9).png
  artifactKey: Guid(9d5d47107a062034b966dd8965a5235d) Importer(815301076,1909f56bfc062723c751e8b465ee728b)
Start importing Assets/Sprites/Slide (9).png using Guid(9d5d47107a062034b966dd8965a5235d) Importer(815301076,1909f56bfc062723c751e8b465ee728b)  -> (artifact id: '0c56169398ad02cc703a96ef017573e9') in 0.013040 seconds 
  Import took 0.016260 seconds .

========================================================================
Received Prepare
Registering precompiled user dll's ...
Registered in 0.003011 seconds.
Begin MonoManager ReloadAssembly
Native extension for WindowsStandalone target not found
Refreshing native plugins compatible for Editor in 0.46 ms, found 3 plugins.
Preloading 0 native plugins for Editor in 0.00 ms.
Mono: successfully reloaded assembly
- Completed reload, in  0.765 seconds
Domain Reload Profiling:
	ReloadAssembly (766ms)
		BeginReloadAssembly (89ms)
			ExecutionOrderSort (0ms)
			DisableScriptedObjects (4ms)
			BackupInstance (0ms)
			ReleaseScriptingObjects (0ms)
			CreateAndSetChildDomain (31ms)
		EndReloadAssembly (631ms)
			LoadAssemblies (64ms)
			RebuildTransferFunctionScriptingTraits (0ms)
			SetupTypeCache (182ms)
			ReleaseScriptCaches (1ms)
			RebuildScriptCaches (28ms)
			SetupLoadedEditorAssemblies (286ms)
				LogAssemblyErrors (0ms)
				InitializePlatformSupportModulesInManaged (4ms)
				SetLoadedEditorAssemblies (0ms)
				RefreshPlugins (1ms)
				BeforeProcessingInitializeOnLoad (47ms)
				ProcessInitializeOnLoadAttributes (226ms)
				ProcessInitializeOnLoadMethodAttributes (4ms)
				AfterProcessingInitializeOnLoad (5ms)
				EditorAssembliesLoaded (0ms)
			ExecutionOrderSort2 (0ms)
			AwakeInstancesAfterBackupRestoration (8ms)
Platform modules already initialized, skipping
Refreshing native plugins compatible for Editor in 0.46 ms, found 3 plugins.
Preloading 0 native plugins for Editor in 0.00 ms.
Unloading 2082 Unused Serialized files (Serialized files now loaded: 0)
System memory in use before: 95.6 MB.
System memory in use after: 95.8 MB.

Unloading 16 unused Assets to reduce memory usage. Loaded Objects now: 2550.
Total: 2.721900 ms (FindLiveObjects: 0.202800 ms CreateObjectMapping: 0.049000 ms MarkObjects: 2.454900 ms  DeleteObjects: 0.014300 ms)

AssetImportParameters requested are different than current active one (requested -> active):
  custom:framework-win-MediaFoundation: 216162199b28c13a410421893ffa2e32 -> 
  custom:video-decoder-ogg-theora: a1e56fd34408186e4bbccfd4996cb3dc -> 
  custom:container-muxer-webm: aa71ff27fc2769a1b78a27578f13a17b -> 
  custom:container-demuxer-webm: 4f35f7cbe854078d1ac9338744f61a02 -> 
  custom:container-demuxer-ogg: 62fdf1f143b41e24485cea50d1cbac27 -> 
  custom:video-encoder-webm-vp8: eb34c28f22e8b96e1ab97ce403110664 -> 
  custom:video-decoder-webm-vp8: 9c59270c3fd7afecdb556c50c9e8de78 -> 
  custom:audio-decoder-ogg-vorbis: bf7c407c2cedff20999df2af8eb42d56 -> 
  custom:audio-encoder-webm-vorbis: bf7c407c2cedff20999df2af8eb42d56 -> 
========================================================================
Received Prepare
Registering precompiled user dll's ...
Registered in 0.002970 seconds.
Begin MonoManager ReloadAssembly
Native extension for WindowsStandalone target not found
Refreshing native plugins compatible for Editor in 0.46 ms, found 3 plugins.
Preloading 0 native plugins for Editor in 0.00 ms.
Mono: successfully reloaded assembly
- Completed reload, in  0.735 seconds
Domain Reload Profiling:
	ReloadAssembly (735ms)
		BeginReloadAssembly (88ms)
			ExecutionOrderSort (0ms)
			DisableScriptedObjects (4ms)
			BackupInstance (0ms)
			ReleaseScriptingObjects (0ms)
			CreateAndSetChildDomain (28ms)
		EndReloadAssembly (603ms)
			LoadAssemblies (63ms)
			RebuildTransferFunctionScriptingTraits (0ms)
			SetupTypeCache (180ms)
			ReleaseScriptCaches (1ms)
			RebuildScriptCaches (26ms)
			SetupLoadedEditorAssemblies (266ms)
				LogAssemblyErrors (0ms)
				InitializePlatformSupportModulesInManaged (4ms)
				SetLoadedEditorAssemblies (0ms)
				RefreshPlugins (0ms)
				BeforeProcessingInitializeOnLoad (45ms)
				ProcessInitializeOnLoadAttributes (208ms)
				ProcessInitializeOnLoadMethodAttributes (4ms)
				AfterProcessingInitializeOnLoad (5ms)
				EditorAssembliesLoaded (0ms)
			ExecutionOrderSort2 (0ms)
			AwakeInstancesAfterBackupRestoration (8ms)
Platform modules already initialized, skipping
Refreshing native plugins compatible for Editor in 1.04 ms, found 3 plugins.
Preloading 0 native plugins for Editor in 0.00 ms.
Unloading 2082 Unused Serialized files (Serialized files now loaded: 0)
System memory in use before: 95.7 MB.
System memory in use after: 95.8 MB.

Unloading 16 unused Assets to reduce memory usage. Loaded Objects now: 2553.
Total: 3.421900 ms (FindLiveObjects: 0.272800 ms CreateObjectMapping: 0.118700 ms MarkObjects: 3.004000 ms  DeleteObjects: 0.025400 ms)

AssetImportParameters requested are different than current active one (requested -> active):
  custom:framework-win-MediaFoundation: 216162199b28c13a410421893ffa2e32 -> 
  custom:video-decoder-ogg-theora: a1e56fd34408186e4bbccfd4996cb3dc -> 
  custom:container-muxer-webm: aa71ff27fc2769a1b78a27578f13a17b -> 
  custom:container-demuxer-webm: 4f35f7cbe854078d1ac9338744f61a02 -> 
  custom:container-demuxer-ogg: 62fdf1f143b41e24485cea50d1cbac27 -> 
  custom:video-encoder-webm-vp8: eb34c28f22e8b96e1ab97ce403110664 -> 
  custom:video-decoder-webm-vp8: 9c59270c3fd7afecdb556c50c9e8de78 -> 
  custom:audio-decoder-ogg-vorbis: bf7c407c2cedff20999df2af8eb42d56 -> 
  custom:audio-encoder-webm-vorbis: bf7c407c2cedff20999df2af8eb42d56 -> 
========================================================================
Received Import Request.
  Time since last request: 182.794036 seconds.
  path: Packages/com.unity.2d.spriteshape/Editor/ObjectMenuCreation/DefaultAssets/Sprite Shapes/Closed Sprite Shape.prefab
  artifactKey: Guid(c0583b4e855c74b8c82e7b9b5efb5ce9) Importer(815301076,1909f56bfc062723c751e8b465ee728b)
Start importing Packages/com.unity.2d.spriteshape/Editor/ObjectMenuCreation/DefaultAssets/Sprite Shapes/Closed Sprite Shape.prefab using Guid(c0583b4e855c74b8c82e7b9b5efb5ce9) Importer(815301076,1909f56bfc062723c751e8b465ee728b)  -> (artifact id: 'c5c845828cede3f25819031102be01e1') in 0.064493 seconds 
  Import took 0.067444 seconds .

========================================================================
Received Import Request.
  Time since last request: 0.000135 seconds.
  path: Packages/com.unity.2d.spriteshape/Editor/ObjectMenuCreation/DefaultAssets/Sprite Shapes/Open Sprite Shape.prefab
  artifactKey: Guid(86ae7de409eb54f619fb1328e4d42480) Importer(815301076,1909f56bfc062723c751e8b465ee728b)
Start importing Packages/com.unity.2d.spriteshape/Editor/ObjectMenuCreation/DefaultAssets/Sprite Shapes/Open Sprite Shape.prefab using Guid(86ae7de409eb54f619fb1328e4d42480) Importer(815301076,1909f56bfc062723c751e8b465ee728b)  -> (artifact id: '1cd094d74455b6e3ebbdb90683f10d20') in 0.010350 seconds 
  Import took 0.012925 seconds .

========================================================================
Received Import Request.
  Time since last request: 5.275254 seconds.
  path: Assets/Sprites/Walk (10).png
  artifactKey: Guid(93743b2eb75ef0b4e92c262baef63d17) Importer(815301076,1909f56bfc062723c751e8b465ee728b)
Start importing Assets/Sprites/Walk (10).png using Guid(93743b2eb75ef0b4e92c262baef63d17) Importer(815301076,1909f56bfc062723c751e8b465ee728b)  -> (artifact id: '96f250bb5fb0fcd31dd134687fa0631d') in 0.029795 seconds 
  Import took 0.032742 seconds .

========================================================================
Received Import Request.
  Time since last request: 135.041545 seconds.
  path: Assets/Animation/Run.anim
  artifactKey: Guid(09d66cf5e10ec4d4fa19df7e1efe10f4) Importer(815301076,1909f56bfc062723c751e8b465ee728b)
Start importing Assets/Animation/Run.anim using Guid(09d66cf5e10ec4d4fa19df7e1efe10f4) Importer(815301076,1909f56bfc062723c751e8b465ee728b)  -> (artifact id: '2745b0204d291ae4544a6a59c0e5e771') in 0.006857 seconds 
  Import took 0.009638 seconds .

========================================================================
Received Prepare
Registering precompiled user dll's ...
Registered in 0.002915 seconds.
Begin MonoManager ReloadAssembly
Native extension for WindowsStandalone target not found
Refreshing native plugins compatible for Editor in 0.46 ms, found 3 plugins.
Preloading 0 native plugins for Editor in 0.00 ms.
Mono: successfully reloaded assembly
- Completed reload, in  1.014 seconds
Domain Reload Profiling:
	ReloadAssembly (1014ms)
		BeginReloadAssembly (91ms)
			ExecutionOrderSort (0ms)
			DisableScriptedObjects (4ms)
			BackupInstance (0ms)
			ReleaseScriptingObjects (0ms)
			CreateAndSetChildDomain (34ms)
		EndReloadAssembly (879ms)
			LoadAssemblies (63ms)
			RebuildTransferFunctionScriptingTraits (0ms)
			SetupTypeCache (218ms)
			ReleaseScriptCaches (1ms)
			RebuildScriptCaches (27ms)
			SetupLoadedEditorAssemblies (498ms)
				LogAssemblyErrors (0ms)
				InitializePlatformSupportModulesInManaged (4ms)
				SetLoadedEditorAssemblies (0ms)
				RefreshPlugins (0ms)
				BeforeProcessingInitializeOnLoad (43ms)
				ProcessInitializeOnLoadAttributes (438ms)
				ProcessInitializeOnLoadMethodAttributes (6ms)
				AfterProcessingInitializeOnLoad (6ms)
				EditorAssembliesLoaded (0ms)
			ExecutionOrderSort2 (0ms)
			AwakeInstancesAfterBackupRestoration (10ms)
Platform modules already initialized, skipping
Refreshing native plugins compatible for Editor in 0.55 ms, found 3 plugins.
Preloading 0 native plugins for Editor in 0.00 ms.
Unloading 2082 Unused Serialized files (Serialized files now loaded: 0)
System memory in use before: 95.7 MB.
System memory in use after: 95.8 MB.

Unloading 16 unused Assets to reduce memory usage. Loaded Objects now: 2561.
Total: 3.722100 ms (FindLiveObjects: 0.216900 ms CreateObjectMapping: 0.085700 ms MarkObjects: 3.398100 ms  DeleteObjects: 0.020400 ms)

AssetImportParameters requested are different than current active one (requested -> active):
  custom:framework-win-MediaFoundation: 216162199b28c13a410421893ffa2e32 -> 
  custom:video-decoder-ogg-theora: a1e56fd34408186e4bbccfd4996cb3dc -> 
  custom:container-muxer-webm: aa71ff27fc2769a1b78a27578f13a17b -> 
  custom:container-demuxer-webm: 4f35f7cbe854078d1ac9338744f61a02 -> 
  custom:container-demuxer-ogg: 62fdf1f143b41e24485cea50d1cbac27 -> 
  custom:video-encoder-webm-vp8: eb34c28f22e8b96e1ab97ce403110664 -> 
  custom:video-decoder-webm-vp8: 9c59270c3fd7afecdb556c50c9e8de78 -> 
  custom:audio-decoder-ogg-vorbis: bf7c407c2cedff20999df2af8eb42d56 -> 
  custom:audio-encoder-webm-vorbis: bf7c407c2cedff20999df2af8eb42d56 -> 
========================================================================
Received Import Request.
  Time since last request: 503.651711 seconds.
  path: Assets/Scripts/Script.cs
  artifactKey: Guid(b0280c500f6565c44813386425ba3c21) Importer(815301076,1909f56bfc062723c751e8b465ee728b)
Start importing Assets/Scripts/Script.cs using Guid(b0280c500f6565c44813386425ba3c21) Importer(815301076,1909f56bfc062723c751e8b465ee728b)  -> (artifact id: 'd7dcdd35b9947a3f70f38b261c9b36f9') in 0.013273 seconds 
  Import took 0.016732 seconds .

========================================================================
Received Import Request.
  Time since last request: 0.009907 seconds.
  path: Assets/Scripts/Script.cs
  artifactKey: Guid(b0280c500f6565c44813386425ba3c21) Importer(815301076,1909f56bfc062723c751e8b465ee728b)
Start importing Assets/Scripts/Script.cs using Guid(b0280c500f6565c44813386425ba3c21) Importer(815301076,1909f56bfc062723c751e8b465ee728b)  -> (artifact id: 'd7dcdd35b9947a3f70f38b261c9b36f9') in 0.001762 seconds 
  Import took 0.004755 seconds .

========================================================================
Received Prepare
Registering precompiled user dll's ...
Registered in 0.003093 seconds.
Begin MonoManager ReloadAssembly
Native extension for WindowsStandalone target not found
Refreshing native plugins compatible for Editor in 0.47 ms, found 3 plugins.
Preloading 0 native plugins for Editor in 0.00 ms.
Mono: successfully reloaded assembly
- Completed reload, in  0.760 seconds
Domain Reload Profiling:
	ReloadAssembly (760ms)
		BeginReloadAssembly (84ms)
			ExecutionOrderSort (0ms)
			DisableScriptedObjects (4ms)
			BackupInstance (0ms)
			ReleaseScriptingObjects (0ms)
			CreateAndSetChildDomain (28ms)
		EndReloadAssembly (632ms)
			LoadAssemblies (63ms)
			RebuildTransferFunctionScriptingTraits (0ms)
			SetupTypeCache (187ms)
			ReleaseScriptCaches (1ms)
			RebuildScriptCaches (29ms)
			SetupLoadedEditorAssemblies (281ms)
				LogAssemblyErrors (0ms)
				InitializePlatformSupportModulesInManaged (4ms)
				SetLoadedEditorAssemblies (0ms)
				RefreshPlugins (1ms)
				BeforeProcessingInitializeOnLoad (47ms)
				ProcessInitializeOnLoadAttributes (220ms)
				ProcessInitializeOnLoadMethodAttributes (4ms)
				AfterProcessingInitializeOnLoad (5ms)
				EditorAssembliesLoaded (0ms)
			ExecutionOrderSort2 (0ms)
			AwakeInstancesAfterBackupRestoration (8ms)
Platform modules already initialized, skipping
Refreshing native plugins compatible for Editor in 0.54 ms, found 3 plugins.
Preloading 0 native plugins for Editor in 0.00 ms.
Unloading 2082 Unused Serialized files (Serialized files now loaded: 0)
System memory in use before: 95.7 MB.
System memory in use after: 95.8 MB.

Unloading 16 unused Assets to reduce memory usage. Loaded Objects now: 2564.
Total: 2.784600 ms (FindLiveObjects: 0.215200 ms CreateObjectMapping: 0.042600 ms MarkObjects: 2.509800 ms  DeleteObjects: 0.016000 ms)

AssetImportParameters requested are different than current active one (requested -> active):
  custom:framework-win-MediaFoundation: 216162199b28c13a410421893ffa2e32 -> 
  custom:video-decoder-ogg-theora: a1e56fd34408186e4bbccfd4996cb3dc -> 
  custom:container-muxer-webm: aa71ff27fc2769a1b78a27578f13a17b -> 
  custom:container-demuxer-webm: 4f35f7cbe854078d1ac9338744f61a02 -> 
  custom:container-demuxer-ogg: 62fdf1f143b41e24485cea50d1cbac27 -> 
  custom:video-encoder-webm-vp8: eb34c28f22e8b96e1ab97ce403110664 -> 
  custom:video-decoder-webm-vp8: 9c59270c3fd7afecdb556c50c9e8de78 -> 
  custom:audio-decoder-ogg-vorbis: bf7c407c2cedff20999df2af8eb42d56 -> 
  custom:audio-encoder-webm-vorbis: bf7c407c2cedff20999df2af8eb42d56 -> 
========================================================================
Received Import Request.
  Time since last request: 298.033533 seconds.
  path: Assets/Scripts/Script.cs
  artifactKey: Guid(b0280c500f6565c44813386425ba3c21) Importer(815301076,1909f56bfc062723c751e8b465ee728b)
Start importing Assets/Scripts/Script.cs using Guid(b0280c500f6565c44813386425ba3c21) Importer(815301076,1909f56bfc062723c751e8b465ee728b)  -> (artifact id: '8ada32f988e39017bf5d4e4b60d35735') in 0.006988 seconds 
  Import took 0.010919 seconds .

========================================================================
Received Import Request.
  Time since last request: 0.002041 seconds.
  path: Assets/Scripts/Script.cs
  artifactKey: Guid(b0280c500f6565c44813386425ba3c21) Importer(815301076,1909f56bfc062723c751e8b465ee728b)
Start importing Assets/Scripts/Script.cs using Guid(b0280c500f6565c44813386425ba3c21) Importer(815301076,1909f56bfc062723c751e8b465ee728b)  -> (artifact id: '8ada32f988e39017bf5d4e4b60d35735') in 0.002160 seconds 
  Import took 0.007087 seconds .

========================================================================
Received Prepare
Registering precompiled user dll's ...
Registered in 0.003247 seconds.
Begin MonoManager ReloadAssembly
Native extension for WindowsStandalone target not found
Refreshing native plugins compatible for Editor in 0.46 ms, found 3 plugins.
Preloading 0 native plugins for Editor in 0.00 ms.
Mono: successfully reloaded assembly
- Completed reload, in  0.730 seconds
Domain Reload Profiling:
	ReloadAssembly (731ms)
		BeginReloadAssembly (84ms)
			ExecutionOrderSort (0ms)
			DisableScriptedObjects (5ms)
			BackupInstance (0ms)
			ReleaseScriptingObjects (0ms)
			CreateAndSetChildDomain (27ms)
		EndReloadAssembly (603ms)
			LoadAssemblies (62ms)
			RebuildTransferFunctionScriptingTraits (0ms)
			SetupTypeCache (179ms)
			ReleaseScriptCaches (1ms)
			RebuildScriptCaches (27ms)
			SetupLoadedEditorAssemblies (266ms)
				LogAssemblyErrors (0ms)
				InitializePlatformSupportModulesInManaged (4ms)
				SetLoadedEditorAssemblies (0ms)
				RefreshPlugins (1ms)
				BeforeProcessingInitializeOnLoad (45ms)
				ProcessInitializeOnLoadAttributes (207ms)
				ProcessInitializeOnLoadMethodAttributes (4ms)
				AfterProcessingInitializeOnLoad (5ms)
				EditorAssembliesLoaded (0ms)
			ExecutionOrderSort2 (0ms)
			AwakeInstancesAfterBackupRestoration (8ms)
Platform modules already initialized, skipping
Refreshing native plugins compatible for Editor in 0.45 ms, found 3 plugins.
Preloading 0 native plugins for Editor in 0.00 ms.
Unloading 2082 Unused Serialized files (Serialized files now loaded: 0)
System memory in use before: 95.7 MB.
System memory in use after: 95.9 MB.

Unloading 16 unused Assets to reduce memory usage. Loaded Objects now: 2567.
Total: 2.882400 ms (FindLiveObjects: 0.177100 ms CreateObjectMapping: 0.064100 ms MarkObjects: 2.618300 ms  DeleteObjects: 0.021500 ms)

AssetImportParameters requested are different than current active one (requested -> active):
  custom:framework-win-MediaFoundation: 216162199b28c13a410421893ffa2e32 -> 
  custom:video-decoder-ogg-theora: a1e56fd34408186e4bbccfd4996cb3dc -> 
  custom:container-muxer-webm: aa71ff27fc2769a1b78a27578f13a17b -> 
  custom:container-demuxer-webm: 4f35f7cbe854078d1ac9338744f61a02 -> 
  custom:container-demuxer-ogg: 62fdf1f143b41e24485cea50d1cbac27 -> 
  custom:video-encoder-webm-vp8: eb34c28f22e8b96e1ab97ce403110664 -> 
  custom:video-decoder-webm-vp8: 9c59270c3fd7afecdb556c50c9e8de78 -> 
  custom:audio-decoder-ogg-vorbis: bf7c407c2cedff20999df2af8eb42d56 -> 
  custom:audio-encoder-webm-vorbis: bf7c407c2cedff20999df2af8eb42d56 -> 
========================================================================
Received Import Request.
  Time since last request: 96.722847 seconds.
  path: Assets/Scripts/Script.cs
  artifactKey: Guid(b0280c500f6565c44813386425ba3c21) Importer(815301076,1909f56bfc062723c751e8b465ee728b)
Start importing Assets/Scripts/Script.cs using Guid(b0280c500f6565c44813386425ba3c21) Importer(815301076,1909f56bfc062723c751e8b465ee728b)  -> (artifact id: '2bbca65e914a98271cf88a6fc793b487') in 0.004716 seconds 
  Import took 0.007423 seconds .

========================================================================
Received Prepare
Registering precompiled user dll's ...
Registered in 0.003034 seconds.
Begin MonoManager ReloadAssembly
Native extension for WindowsStandalone target not found
Refreshing native plugins compatible for Editor in 0.49 ms, found 3 plugins.
Preloading 0 native plugins for Editor in 0.00 ms.
Mono: successfully reloaded assembly
- Completed reload, in  0.822 seconds
Domain Reload Profiling:
	ReloadAssembly (822ms)
		BeginReloadAssembly (96ms)
			ExecutionOrderSort (0ms)
			DisableScriptedObjects (5ms)
			BackupInstance (0ms)
			ReleaseScriptingObjects (0ms)
			CreateAndSetChildDomain (34ms)
		EndReloadAssembly (677ms)
			LoadAssemblies (68ms)
			RebuildTransferFunctionScriptingTraits (0ms)
			SetupTypeCache (207ms)
			ReleaseScriptCaches (1ms)
			RebuildScriptCaches (31ms)
			SetupLoadedEditorAssemblies (296ms)
				LogAssemblyErrors (0ms)
				InitializePlatformSupportModulesInManaged (4ms)
				SetLoadedEditorAssemblies (0ms)
				RefreshPlugins (1ms)
				BeforeProcessingInitializeOnLoad (50ms)
				ProcessInitializeOnLoadAttributes (231ms)
				ProcessInitializeOnLoadMethodAttributes (5ms)
				AfterProcessingInitializeOnLoad (5ms)
				EditorAssembliesLoaded (0ms)
			ExecutionOrderSort2 (0ms)
			AwakeInstancesAfterBackupRestoration (9ms)
Platform modules already initialized, skipping
Refreshing native plugins compatible for Editor in 0.58 ms, found 3 plugins.
Preloading 0 native plugins for Editor in 0.00 ms.
Unloading 2082 Unused Serialized files (Serialized files now loaded: 0)
System memory in use before: 95.7 MB.
System memory in use after: 95.9 MB.

Unloading 16 unused Assets to reduce memory usage. Loaded Objects now: 2570.
Total: 3.184200 ms (FindLiveObjects: 0.200100 ms CreateObjectMapping: 0.047700 ms MarkObjects: 2.918100 ms  DeleteObjects: 0.017300 ms)

AssetImportParameters requested are different than current active one (requested -> active):
  custom:framework-win-MediaFoundation: 216162199b28c13a410421893ffa2e32 -> 
  custom:video-decoder-ogg-theora: a1e56fd34408186e4bbccfd4996cb3dc -> 
  custom:container-muxer-webm: aa71ff27fc2769a1b78a27578f13a17b -> 
  custom:container-demuxer-webm: 4f35f7cbe854078d1ac9338744f61a02 -> 
  custom:container-demuxer-ogg: 62fdf1f143b41e24485cea50d1cbac27 -> 
  custom:video-encoder-webm-vp8: eb34c28f22e8b96e1ab97ce403110664 -> 
  custom:video-decoder-webm-vp8: 9c59270c3fd7afecdb556c50c9e8de78 -> 
  custom:audio-decoder-ogg-vorbis: bf7c407c2cedff20999df2af8eb42d56 -> 
  custom:audio-encoder-webm-vorbis: bf7c407c2cedff20999df2af8eb42d56 -> 
========================================================================
Received Prepare
Registering precompiled user dll's ...
Registered in 0.003195 seconds.
Begin MonoManager ReloadAssembly
Native extension for WindowsStandalone target not found
Refreshing native plugins compatible for Editor in 0.50 ms, found 3 plugins.
Preloading 0 native plugins for Editor in 0.00 ms.
Mono: successfully reloaded assembly
- Completed reload, in  0.771 seconds
Domain Reload Profiling:
	ReloadAssembly (772ms)
		BeginReloadAssembly (91ms)
			ExecutionOrderSort (0ms)
			DisableScriptedObjects (5ms)
			BackupInstance (0ms)
			ReleaseScriptingObjects (0ms)
			CreateAndSetChildDomain (26ms)
		EndReloadAssembly (636ms)
			LoadAssemblies (62ms)
			RebuildTransferFunctionScriptingTraits (0ms)
			SetupTypeCache (188ms)
			ReleaseScriptCaches (1ms)
			RebuildScriptCaches (27ms)
			SetupLoadedEditorAssemblies (285ms)
				LogAssemblyErrors (0ms)
				InitializePlatformSupportModulesInManaged (4ms)
				SetLoadedEditorAssemblies (0ms)
				RefreshPlugins (1ms)
				BeforeProcessingInitializeOnLoad (45ms)
				ProcessInitializeOnLoadAttributes (224ms)
				ProcessInitializeOnLoadMethodAttributes (6ms)
				AfterProcessingInitializeOnLoad (6ms)
				EditorAssembliesLoaded (0ms)
			ExecutionOrderSort2 (0ms)
			AwakeInstancesAfterBackupRestoration (11ms)
Platform modules already initialized, skipping
Refreshing native plugins compatible for Editor in 0.49 ms, found 3 plugins.
Preloading 0 native plugins for Editor in 0.00 ms.
Unloading 2082 Unused Serialized files (Serialized files now loaded: 0)
System memory in use before: 95.8 MB.
System memory in use after: 95.9 MB.

Unloading 16 unused Assets to reduce memory usage. Loaded Objects now: 2573.
Total: 3.044000 ms (FindLiveObjects: 0.490700 ms CreateObjectMapping: 0.063300 ms MarkObjects: 2.471500 ms  DeleteObjects: 0.016600 ms)

AssetImportParameters requested are different than current active one (requested -> active):
  custom:framework-win-MediaFoundation: 216162199b28c13a410421893ffa2e32 -> 
  custom:video-decoder-ogg-theora: a1e56fd34408186e4bbccfd4996cb3dc -> 
  custom:container-muxer-webm: aa71ff27fc2769a1b78a27578f13a17b -> 
  custom:container-demuxer-webm: 4f35f7cbe854078d1ac9338744f61a02 -> 
  custom:container-demuxer-ogg: 62fdf1f143b41e24485cea50d1cbac27 -> 
  custom:video-encoder-webm-vp8: eb34c28f22e8b96e1ab97ce403110664 -> 
  custom:video-decoder-webm-vp8: 9c59270c3fd7afecdb556c50c9e8de78 -> 
  custom:audio-decoder-ogg-vorbis: bf7c407c2cedff20999df2af8eb42d56 -> 
  custom:audio-encoder-webm-vorbis: bf7c407c2cedff20999df2af8eb42d56 -> 
========================================================================
Received Prepare
Registering precompiled user dll's ...
Registered in 0.003018 seconds.
Begin MonoManager ReloadAssembly
Native extension for WindowsStandalone target not found
Refreshing native plugins compatible for Editor in 0.46 ms, found 3 plugins.
Preloading 0 native plugins for Editor in 0.00 ms.
Mono: successfully reloaded assembly
- Completed reload, in  0.737 seconds
Domain Reload Profiling:
	ReloadAssembly (737ms)
		BeginReloadAssembly (87ms)
			ExecutionOrderSort (0ms)
			DisableScriptedObjects (5ms)
			BackupInstance (0ms)
			ReleaseScriptingObjects (0ms)
			CreateAndSetChildDomain (28ms)
		EndReloadAssembly (606ms)
			LoadAssemblies (63ms)
			RebuildTransferFunctionScriptingTraits (0ms)
			SetupTypeCache (182ms)
			ReleaseScriptCaches (1ms)
			RebuildScriptCaches (27ms)
			SetupLoadedEditorAssemblies (265ms)
				LogAssemblyErrors (0ms)
				InitializePlatformSupportModulesInManaged (4ms)
				SetLoadedEditorAssemblies (0ms)
				RefreshPlugins (1ms)
				BeforeProcessingInitializeOnLoad (45ms)
				ProcessInitializeOnLoadAttributes (207ms)
				ProcessInitializeOnLoadMethodAttributes (4ms)
				AfterProcessingInitializeOnLoad (5ms)
				EditorAssembliesLoaded (0ms)
			ExecutionOrderSort2 (0ms)
			AwakeInstancesAfterBackupRestoration (8ms)
Platform modules already initialized, skipping
Refreshing native plugins compatible for Editor in 0.50 ms, found 3 plugins.
Preloading 0 native plugins for Editor in 0.00 ms.
Unloading 2082 Unused Serialized files (Serialized files now loaded: 0)
System memory in use before: 95.8 MB.
System memory in use after: 95.9 MB.

Unloading 16 unused Assets to reduce memory usage. Loaded Objects now: 2576.
Total: 2.760500 ms (FindLiveObjects: 0.151500 ms CreateObjectMapping: 0.055800 ms MarkObjects: 2.536300 ms  DeleteObjects: 0.016100 ms)

AssetImportParameters requested are different than current active one (requested -> active):
  custom:framework-win-MediaFoundation: 216162199b28c13a410421893ffa2e32 -> 
  custom:video-decoder-ogg-theora: a1e56fd34408186e4bbccfd4996cb3dc -> 
  custom:container-muxer-webm: aa71ff27fc2769a1b78a27578f13a17b -> 
  custom:container-demuxer-webm: 4f35f7cbe854078d1ac9338744f61a02 -> 
  custom:container-demuxer-ogg: 62fdf1f143b41e24485cea50d1cbac27 -> 
  custom:video-encoder-webm-vp8: eb34c28f22e8b96e1ab97ce403110664 -> 
  custom:video-decoder-webm-vp8: 9c59270c3fd7afecdb556c50c9e8de78 -> 
  custom:audio-decoder-ogg-vorbis: bf7c407c2cedff20999df2af8eb42d56 -> 
  custom:audio-encoder-webm-vorbis: bf7c407c2cedff20999df2af8eb42d56 -> 
========================================================================
Received Import Request.
  Time since last request: 283.648734 seconds.
  path: Assets/Scripts/Script.cs
  artifactKey: Guid(b0280c500f6565c44813386425ba3c21) Importer(815301076,1909f56bfc062723c751e8b465ee728b)
Start importing Assets/Scripts/Script.cs using Guid(b0280c500f6565c44813386425ba3c21) Importer(815301076,1909f56bfc062723c751e8b465ee728b)  -> (artifact id: 'f35891b01ec35aaf697dd69ecd8de844') in 0.004625 seconds 
  Import took 0.007774 seconds .

========================================================================
Received Import Request.
  Time since last request: 0.000622 seconds.
  path: Assets/Scripts/Script.cs
  artifactKey: Guid(b0280c500f6565c44813386425ba3c21) Importer(815301076,1909f56bfc062723c751e8b465ee728b)
Start importing Assets/Scripts/Script.cs using Guid(b0280c500f6565c44813386425ba3c21) Importer(815301076,1909f56bfc062723c751e8b465ee728b)  -> (artifact id: 'f35891b01ec35aaf697dd69ecd8de844') in 0.001827 seconds 
  Import took 0.004475 seconds .

========================================================================
Received Import Request.
  Time since last request: 63.106020 seconds.
  path: Assets/Scripts/Script.cs
  artifactKey: Guid(b0280c500f6565c44813386425ba3c21) Importer(815301076,1909f56bfc062723c751e8b465ee728b)
Start importing Assets/Scripts/Script.cs using Guid(b0280c500f6565c44813386425ba3c21) Importer(815301076,1909f56bfc062723c751e8b465ee728b)  -> (artifact id: '47b39b50b373314e21544458f8ed3932') in 0.002067 seconds 
  Import took 0.005231 seconds .

========================================================================
Received Import Request.
  Time since last request: 0.001806 seconds.
  path: Assets/Scripts/Script.cs
  artifactKey: Guid(b0280c500f6565c44813386425ba3c21) Importer(815301076,1909f56bfc062723c751e8b465ee728b)
Start importing Assets/Scripts/Script.cs using Guid(b0280c500f6565c44813386425ba3c21) Importer(815301076,1909f56bfc062723c751e8b465ee728b)  -> (artifact id: '47b39b50b373314e21544458f8ed3932') in 0.001845 seconds 
  Import took 0.004791 seconds .

========================================================================
Received Prepare
Registering precompiled user dll's ...
Registered in 0.003145 seconds.
Begin MonoManager ReloadAssembly
Native extension for WindowsStandalone target not found
Refreshing native plugins compatible for Editor in 0.47 ms, found 3 plugins.
Preloading 0 native plugins for Editor in 0.00 ms.
Mono: successfully reloaded assembly
- Completed reload, in  0.724 seconds
Domain Reload Profiling:
	ReloadAssembly (725ms)
		BeginReloadAssembly (81ms)
			ExecutionOrderSort (0ms)
			DisableScriptedObjects (5ms)
			BackupInstance (0ms)
			ReleaseScriptingObjects (0ms)
			CreateAndSetChildDomain (26ms)
		EndReloadAssembly (600ms)
			LoadAssemblies (60ms)
			RebuildTransferFunctionScriptingTraits (0ms)
			SetupTypeCache (180ms)
			ReleaseScriptCaches (1ms)
			RebuildScriptCaches (27ms)
			SetupLoadedEditorAssemblies (265ms)
				LogAssemblyErrors (0ms)
				InitializePlatformSupportModulesInManaged (4ms)
				SetLoadedEditorAssemblies (0ms)
				RefreshPlugins (1ms)
				BeforeProcessingInitializeOnLoad (44ms)
				ProcessInitializeOnLoadAttributes (207ms)
				ProcessInitializeOnLoadMethodAttributes (4ms)
				AfterProcessingInitializeOnLoad (5ms)
				EditorAssembliesLoaded (0ms)
			ExecutionOrderSort2 (0ms)
			AwakeInstancesAfterBackupRestoration (7ms)
Platform modules already initialized, skipping
Refreshing native plugins compatible for Editor in 0.49 ms, found 3 plugins.
Preloading 0 native plugins for Editor in 0.00 ms.
Unloading 2082 Unused Serialized files (Serialized files now loaded: 0)
System memory in use before: 95.8 MB.
System memory in use after: 95.9 MB.

Unloading 16 unused Assets to reduce memory usage. Loaded Objects now: 2579.
Total: 2.869400 ms (FindLiveObjects: 0.285500 ms CreateObjectMapping: 0.058900 ms MarkObjects: 2.507700 ms  DeleteObjects: 0.016000 ms)

AssetImportParameters requested are different than current active one (requested -> active):
  custom:framework-win-MediaFoundation: 216162199b28c13a410421893ffa2e32 -> 
  custom:video-decoder-ogg-theora: a1e56fd34408186e4bbccfd4996cb3dc -> 
  custom:container-muxer-webm: aa71ff27fc2769a1b78a27578f13a17b -> 
  custom:container-demuxer-webm: 4f35f7cbe854078d1ac9338744f61a02 -> 
  custom:container-demuxer-ogg: 62fdf1f143b41e24485cea50d1cbac27 -> 
  custom:video-encoder-webm-vp8: eb34c28f22e8b96e1ab97ce403110664 -> 
  custom:video-decoder-webm-vp8: 9c59270c3fd7afecdb556c50c9e8de78 -> 
  custom:audio-decoder-ogg-vorbis: bf7c407c2cedff20999df2af8eb42d56 -> 
  custom:audio-encoder-webm-vorbis: bf7c407c2cedff20999df2af8eb42d56 -> 
AssetImportWorkerClient::OnTransportError - code=2 error=End of file
